#
# A fatal error has been detected by the Java Runtime Environment:
#
#  EXCEPTION_ACCESS_VIOLATION (0xc0000005) at pc=0x00007fff14cd1049, pid=14732, tid=2908
#
# JRE version: OpenJDK Runtime Environment (11.0.2+9) (build 11.0.2+9)
# Java VM: OpenJDK 64-Bit Server VM (11.0.2+9, mixed mode, tiered, compressed oops, g1 gc, windows-amd64)
# Problematic frame:
# C  0x00007fff14cd1049
#
# No core dump will be written. Minidumps are not enabled by default on client versions of Windows
#
# If you would like to submit a bug report, please visit:
#   http://bugreport.java.com/bugreport/crash.jsp
# The crash happened outside the Java Virtual Machine in native code.
# See problematic frame for where to report the bug.
#

---------------  S U M M A R Y ------------

Command Line: -Dsun.java2d.pmoffscreen=false -Dhttps.protocols=TLSv1,TLSv1.1,TLSv1.2 -Dsun.java2d.xrender=false -Dsun.java2d.d3d=false -Dsun.awt.nopixfmt=true -Dsun.java2d.dpiaware=true -Dsun.java2d.uiScale.enabled=false -Xverify:none -Dswing.aatext=true -XX:-UsePerfData -Djdk.map.althashing.threshold=512 -XX:StringTableSize=4072 --add-opens=java.base/java.nio=ALL-UNNAMED --add-opens=java.desktop/sun.swing=ALL-UNNAMED --add-opens=java.desktop/javax.swing=ALL-UNNAMED --add-opens=java.desktop/javax.swing.tree=ALL-UNNAMED --add-opens=java.desktop/javax.swing.plaf.basic=ALL-UNNAMED --add-opens=java.desktop/javax.swing.plaf.synth=ALL-UNNAMED --add-opens=java.desktop/com.sun.awt=ALL-UNNAMED -XX:NewSize=60m -XX:MaxNewSize=60m -Xms128m -Xmx3072m -Xss5m 

Host: AMD Ryzen 7 5800H with Radeon Graphics         , 16 cores, 15G,  Windows 10 , 64 bit Build 22621 (10.0.22621.4974)
Time: Fri Jul 18 10:52:37 2025 中国标准时间 elapsed time: 5278 seconds (0d 1h 27m 58s)

---------------  T H R E A D  ---------------

Current thread (0x000001a62eaac800):  JavaThread "AWT-EventQueue-0" [_thread_in_native, id=2908, stack(0x000000758ed00000,0x000000758f200000)]

Stack: [0x000000758ed00000,0x000000758f200000],  sp=0x000000758f1f3a30,  free space=5070k
Native frames: (J=compiled Java code, j=interpreted, Vv=VM code, C=native code)
C  0x00007fff14cd1049
C  0x00007fff14ce2487
C  0x00007fff14ce37c2
C  0x00007fff14cca485
C  0x00007fff1c5484b4
C  0x00007fff1c568e72
C  0x00007fff1c6034f5
C  0x00007fff1c603419
C  0x00007fff1c634ce1
C  0x00007fff1c632426
C  0x00007fff1c68e2c1
C  0x00007fff1c6903b3
C  0x00007fff1c66936d
C  0x00007fff1c6693d8
C  0x00007fff1c669481
C  0x00007fff1c68f59c
C  0x00007fff1c6606e5
C  0x00007fff1c660375
C  0x00007fff1c69d00f
C  0x000001a64019dc2d

Java frames: (J=compiled Java code, j=interpreted, Vv=VM code)
J 20553  ui.views.waveform.waveformi.WVExecutive_getGraphicsDataSize(J)J (0 bytes) @ 0x000001a64019db91 [0x000001a64019db40+0x0000000000000051]
J 20552 c1 ui.views.waveform.executive.a.klK()Ljava/io/ByteArrayInputStream; (93 bytes) @ 0x000001a63a211b2c [0x000001a63a211a40+0x00000000000000ec]
J 20551 c1 ui.views.waveform.b.a.klh()V (144 bytes) @ 0x000001a63a20d634 [0x000001a63a20d5a0+0x0000000000000094]
J 20727 c1 ui.views.waveform.w.aH(ZZ)V (48 bytes) @ 0x000001a63a289264 [0x000001a63a288d60+0x0000000000000504]
J 20440 c1 ui.views.waveform.c.b.j(Lui/frmwork/a/l;)V (605 bytes) @ 0x000001a63a1cc16c [0x000001a63a1c3600+0x0000000000008b6c]
J 20439 c1 ui.views.waveform.w.handleTclEvent(Lui/frmwork/a/l;)V (17 bytes) @ 0x000001a63a1c213c [0x000001a63a1c2060+0x00000000000000dc]
J 18307 c1 ui.frmwork.a.o.c(Lui/frmwork/a/l;)V (61 bytes) @ 0x000001a638f3320c [0x000001a638f32860+0x00000000000009ac]
J 18246 c1 ui.frmwork.E.i(JZ)V (471 bytes) @ 0x000001a63924c5bc [0x000001a639248440+0x000000000000417c]
J 18262 c1 ui.frmwork.E.fireTclEvent(J)I (113 bytes) @ 0x000001a638e03194 [0x000001a638e029c0+0x00000000000007d4]
v  ~StubRoutines::call_stub
j  ui.views.waveform.waveformi.WVExecutive_processModelEvent(JJ)V+0
j  ui.views.waveform.executive.a.gb(J)V+5
j  ui.views.waveform.c.b.ga(J)V+8
J 20440 c1 ui.views.waveform.c.b.j(Lui/frmwork/a/l;)V (605 bytes) @ 0x000001a63a1ccf04 [0x000001a63a1c3600+0x0000000000009904]
J 20439 c1 ui.views.waveform.w.handleTclEvent(Lui/frmwork/a/l;)V (17 bytes) @ 0x000001a63a1c213c [0x000001a63a1c2060+0x00000000000000dc]
J 18307 c1 ui.frmwork.a.o.c(Lui/frmwork/a/l;)V (61 bytes) @ 0x000001a638f3320c [0x000001a638f32860+0x00000000000009ac]
J 18246 c1 ui.frmwork.E.i(JZ)V (471 bytes) @ 0x000001a63924c5bc [0x000001a639248440+0x000000000000417c]
j  ui.frmwork.E.dQ(J)V+3
j  ui.frmwork.E$$Lambda$203.run()V+8
J 14561 c2 java.awt.event.InvocationEvent.dispatch()V java.desktop@11.0.2 (69 bytes) @ 0x000001a63fa77868 [0x000001a63fa777c0+0x00000000000000a8]
J 14509 c2 java.awt.EventQueue$4.run()Ljava/lang/Object; java.desktop@11.0.2 (5 bytes) @ 0x000001a63fa5e2b0 [0x000001a63fa5de60+0x0000000000000450]
v  ~StubRoutines::call_stub
J 4091  java.security.AccessController.doPrivileged(Ljava/security/PrivilegedAction;Ljava/security/AccessControlContext;)Ljava/lang/Object; java.base@11.0.2 (0 bytes) @ 0x000001a63f28bcb6 [0x000001a63f28bc40+0x0000000000000076]
J 14507 c2 java.awt.EventQueue.dispatchEvent(Ljava/awt/AWTEvent;)V java.desktop@11.0.2 (80 bytes) @ 0x000001a63fa5cc74 [0x000001a63fa5c940+0x0000000000000334]
J 14510 c2 ui.frmwork.a.d.dispatchEvent(Ljava/awt/AWTEvent;)V (42 bytes) @ 0x000001a63fa5f654 [0x000001a63fa5f560+0x00000000000000f4]
J 21766 c1 java.awt.EventDispatchThread.pumpOneEventForFilters(I)V java.desktop@11.0.2 (113 bytes) @ 0x000001a6388df7bc [0x000001a6388def20+0x000000000000089c]
J 20977 c2 java.awt.EventDispatchThread.pumpEventsForFilter(ILjava/awt/Conditional;Ljava/awt/EventFilter;)V java.desktop@11.0.2 (47 bytes) @ 0x000001a640250ea0 [0x000001a640250ce0+0x00000000000001c0]
j  java.awt.EventDispatchThread.pumpEventsForFilter(Ljava/awt/Conditional;Ljava/awt/EventFilter;)V+4 java.desktop@11.0.2
j  java.awt.WaitDispatchSupport$2.run()V+59 java.desktop@11.0.2
j  java.awt.WaitDispatchSupport$4.run()Ljava/lang/Void;+4 java.desktop@11.0.2
j  java.awt.WaitDispatchSupport$4.run()Ljava/lang/Object;+1 java.desktop@11.0.2
v  ~StubRoutines::call_stub
J 1078  java.security.AccessController.doPrivileged(Ljava/security/PrivilegedAction;)Ljava/lang/Object; java.base@11.0.2 (0 bytes) @ 0x000001a63f086ea2 [0x000001a63f086e40+0x0000000000000062]
j  java.awt.WaitDispatchSupport.enter()Z+260 java.desktop@11.0.2
j  java.awt.Dialog.show()V+224 java.desktop@11.0.2
J 7595 c1 java.awt.Component.setVisible(Z)V java.desktop@11.0.2 (6 bytes) @ 0x000001a638c77064 [0x000001a638c76e60+0x0000000000000204]
j  java.awt.Window.setVisible(Z)V+2 java.desktop@11.0.2
j  java.awt.Dialog.setVisible(Z)V+2 java.desktop@11.0.2
j  ui.dlg.c.g.setVisible(Z)V+2
j  ui.dlg.c.bz.bIi()V+64
j  ui.dlg.c.bI.actionPerformed(Ljava/awt/event/ActionEvent;)V+8
j  ui.dlg.c.bz.fud()V+388
j  ui.views.c.t.b.a.run()V+60
j  ui.frmwork.cmd.a.hsT()Z+66
j  ui.frmwork.cmd.d.htb()V+42
j  ui.bm.actionPerformed(Ljava/awt/event/ActionEvent;)V+25
j  javax.swing.AbstractButton.fireActionPerformed(Ljava/awt/event/ActionEvent;)V+83 java.desktop@11.0.2
j  ui.utils.swing.b.E.fireActionPerformed(Ljava/awt/event/ActionEvent;)V+7
j  javax.swing.AbstractButton$Handler.actionPerformed(Ljava/awt/event/ActionEvent;)V+5 java.desktop@11.0.2
j  javax.swing.DefaultButtonModel.fireActionPerformed(Ljava/awt/event/ActionEvent;)V+34 java.desktop@11.0.2
j  javax.swing.DefaultButtonModel.setPressed(Z)V+117 java.desktop@11.0.2
j  javax.swing.plaf.basic.BasicButtonListener.mouseReleased(Ljava/awt/event/MouseEvent;)V+35 java.desktop@11.0.2
j  com.jidesoft.plaf.basic.BasicJideButtonListener.mouseReleased(Ljava/awt/event/MouseEvent;)V+61
J 17493 c1 java.awt.AWTEventMulticaster.mouseReleased(Ljava/awt/event/MouseEvent;)V java.desktop@11.0.2 (27 bytes) @ 0x000001a637e65e2c [0x000001a637e65c00+0x000000000000022c]
J 17493 c1 java.awt.AWTEventMulticaster.mouseReleased(Ljava/awt/event/MouseEvent;)V java.desktop@11.0.2 (27 bytes) @ 0x000001a637e65e2c [0x000001a637e65c00+0x000000000000022c]
J 17493 c1 java.awt.AWTEventMulticaster.mouseReleased(Ljava/awt/event/MouseEvent;)V java.desktop@11.0.2 (27 bytes) @ 0x000001a637e65e2c [0x000001a637e65c00+0x000000000000022c]
J 17493 c1 java.awt.AWTEventMulticaster.mouseReleased(Ljava/awt/event/MouseEvent;)V java.desktop@11.0.2 (27 bytes) @ 0x000001a637e65e2c [0x000001a637e65c00+0x000000000000022c]
J 16045 c1 java.awt.Component.processMouseEvent(Ljava/awt/event/MouseEvent;)V java.desktop@11.0.2 (100 bytes) @ 0x000001a639b7b8bc [0x000001a639b7b440+0x000000000000047c]
J 16044 c1 javax.swing.JComponent.processMouseEvent(Ljava/awt/event/MouseEvent;)V java.desktop@11.0.2 (27 bytes) @ 0x000001a639b7af74 [0x000001a639b7ad60+0x0000000000000214]
J 14448 c2 java.awt.Container.processEvent(Ljava/awt/AWTEvent;)V java.desktop@11.0.2 (22 bytes) @ 0x000001a63fa4c354 [0x000001a63fa4c220+0x0000000000000134]
J 21777 c1 java.awt.Component.dispatchEventImpl(Ljava/awt/AWTEvent;)V java.desktop@11.0.2 (777 bytes) @ 0x000001a639238a44 [0x000001a639234a80+0x0000000000003fc4]
J 21768 c2 java.awt.Container.dispatchEventImpl(Ljava/awt/AWTEvent;)V java.desktop@11.0.2 (129 bytes) @ 0x000001a64028ba18 [0x000001a64028b9c0+0x0000000000000058]
J 20651 c2 java.awt.LightweightDispatcher.retargetMouseEvent(Ljava/awt/Component;ILjava/awt/event/MouseEvent;)V java.desktop@11.0.2 (372 bytes) @ 0x000001a6401b5590 [0x000001a6401b5000+0x0000000000000590]
J 17300 c2 java.awt.LightweightDispatcher.processMouseEvent(Ljava/awt/event/MouseEvent;)Z java.desktop@11.0.2 (265 bytes) @ 0x000001a63f2f2d88 [0x000001a63f2f26c0+0x00000000000006c8]
J 21768 c2 java.awt.Container.dispatchEventImpl(Ljava/awt/AWTEvent;)V java.desktop@11.0.2 (129 bytes) @ 0x000001a64028bfb8 [0x000001a64028b9c0+0x00000000000005f8]
J 17284 c2 java.awt.Window.dispatchEventImpl(Ljava/awt/AWTEvent;)V java.desktop@11.0.2 (23 bytes) @ 0x000001a63f2c308c [0x000001a63f2c3040+0x000000000000004c]
J 14509 c2 java.awt.EventQueue$4.run()Ljava/lang/Object; java.desktop@11.0.2 (5 bytes) @ 0x000001a63fa5e340 [0x000001a63fa5de60+0x00000000000004e0]
v  ~StubRoutines::call_stub
J 4091  java.security.AccessController.doPrivileged(Ljava/security/PrivilegedAction;Ljava/security/AccessControlContext;)Ljava/lang/Object; java.base@11.0.2 (0 bytes) @ 0x000001a63f28bcb6 [0x000001a63f28bc40+0x0000000000000076]
J 16410 c2 java.awt.EventQueue$5.run()Ljava/lang/Object; java.desktop@11.0.2 (5 bytes) @ 0x000001a63fce6674 [0x000001a63fce6400+0x0000000000000274]
v  ~StubRoutines::call_stub
J 4091  java.security.AccessController.doPrivileged(Ljava/security/PrivilegedAction;Ljava/security/AccessControlContext;)Ljava/lang/Object; java.base@11.0.2 (0 bytes) @ 0x000001a63f28bcb6 [0x000001a63f28bc40+0x0000000000000076]
J 14507 c2 java.awt.EventQueue.dispatchEvent(Ljava/awt/AWTEvent;)V java.desktop@11.0.2 (80 bytes) @ 0x000001a63fa5cecc [0x000001a63fa5c940+0x000000000000058c]
J 14510 c2 ui.frmwork.a.d.dispatchEvent(Ljava/awt/AWTEvent;)V (42 bytes) @ 0x000001a63fa5f654 [0x000001a63fa5f560+0x00000000000000f4]
J 21766 c1 java.awt.EventDispatchThread.pumpOneEventForFilters(I)V java.desktop@11.0.2 (113 bytes) @ 0x000001a6388df7bc [0x000001a6388def20+0x000000000000089c]
J 20649% c2 java.awt.EventDispatchThread.pumpEventsForFilter(ILjava/awt/Conditional;Ljava/awt/EventFilter;)V java.desktop@11.0.2 (47 bytes) @ 0x000001a6401b40dc [0x000001a6401b3fc0+0x000000000000011c]
j  java.awt.EventDispatchThread.pumpEventsForHierarchy(ILjava/awt/Conditional;Ljava/awt/Component;)V+11 java.desktop@11.0.2
j  java.awt.EventDispatchThread.pumpEvents(ILjava/awt/Conditional;)V+4 java.desktop@11.0.2
j  java.awt.EventDispatchThread.pumpEvents(Ljava/awt/Conditional;)V+3 java.desktop@11.0.2
j  java.awt.EventDispatchThread.run()V+9 java.desktop@11.0.2
v  ~StubRoutines::call_stub

siginfo: EXCEPTION_ACCESS_VIOLATION (0xc0000005), reading address 0x0000000000000044


Register to memory mapping:

RIP=0x00007fff14cd1049 points into unknown readable memory: 83 79 44 00 75 07 33
RAX=0x0000fe119b5477f4 is an unknown value
RBX=0x000001a668c851e0 points into unknown readable memory: 60 54 c8 68 a6 01 00 00
RCX=0x0 is NULL
RDX=0x000001a668f66b90 points into unknown readable memory: c0 4b cf 14 ff 7f 00 00
RSP=0x000000758f1f3a30 is pointing into the stack for thread: 0x000001a62eaac800
RBP=0x0 is NULL
RSI=0x000001a668f66b90 points into unknown readable memory: c0 4b cf 14 ff 7f 00 00
RDI=0x0 is NULL
R8 =0x000000758f1f3ac0 is pointing into the stack for thread: 0x000001a62eaac800
R9 =0x0000000000000018 is an unknown value
R10=0x0 is NULL
R11=0xe83df0000000000a is an unknown value
R12=0x0000000000000001 is an unknown value
R13=0x00007fff14cf8e50 points into unknown readable memory: d0 2f cd 14 ff 7f 00 00
R14=0x000001a648a5acb0 points into unknown readable memory: 90 6b f6 68 a6 01 00 00
R15=0x000000758f1f3ac0 is pointing into the stack for thread: 0x000001a62eaac800


Registers:
RAX=0x0000fe119b5477f4, RBX=0x000001a668c851e0, RCX=0x0000000000000000, RDX=0x000001a668f66b90
RSP=0x000000758f1f3a30, RBP=0x0000000000000000, RSI=0x000001a668f66b90, RDI=0x0000000000000000
R8 =0x000000758f1f3ac0, R9 =0x0000000000000018, R10=0x0000000000000000, R11=0xe83df0000000000a
R12=0x0000000000000001, R13=0x00007fff14cf8e50, R14=0x000001a648a5acb0, R15=0x000000758f1f3ac0
RIP=0x00007fff14cd1049, EFLAGS=0x0000000000010206

Top of Stack: (sp=0x000000758f1f3a30)
0x000000758f1f3a30:   0000000000000000 00007ff83c5f976b
0x000000758f1f3a40:   0000c588682a9e11 000000758f1f4e00
0x000000758f1f3a50:   000000758f1f4460 000000758f1f3c28
0x000000758f1f3a60:   fffffffffffffffe 000000758f1f3e50
0x000000758f1f3a70:   0000000000000001 000000758f1f3d20
0x000000758f1f3a80:   000001a646e54a60 000001a648a5acb0
0x000000758f1f3a90:   000001a648a5acb0 00007fff14ce2487
0x000000758f1f3aa0:   00007fff1c859920 000001a668c851e0
0x000000758f1f3ab0:   000001a64727e400 000000758f1f44d0
0x000000758f1f3ac0:   0000002280000029 0000000000000000
0x000000758f1f3ad0:   0000000000000000 000000000000000f
0x000000758f1f3ae0:   00007ff81c7c32f0 000000758f1f3c28
0x000000758f1f3af0:   00007fff1c786990 0000000000000001
0x000000758f1f3b00:   000000758f1f4640 00007fff1c859920
0x000000758f1f3b10:   000000758f1f4e00 0000000000000000
0x000000758f1f3b20:   0000000019930520 0000000000000000 

Instructions: (pc=0x00007fff14cd1049)
0x00007fff14cd1029:   50 48 c7 44 24 30 fe ff ff ff 48 89 5c 24 78 48
0x00007fff14cd1039:   89 b4 24 80 00 00 00 4d 8b f8 48 8b f2 48 8b f9
0x00007fff14cd1049:   83 79 44 00 75 07 33 c0 e9 d1 00 00 00 48 8b 41
0x00007fff14cd1059:   48 8b 10 48 03 51 28 48 8d 4c 24 38 e8 66 eb ff 


Stack slot to memory mapping:
stack at sp + 0 slots: 0x0 is NULL
stack at sp + 1 slots: 0x00007ff83c5f976b KERNELBASE.dll
stack at sp + 2 slots: 0x0000c588682a9e11 is an unknown value
stack at sp + 3 slots: 0x000000758f1f4e00 is pointing into the stack for thread: 0x000001a62eaac800
stack at sp + 4 slots: 0x000000758f1f4460 is pointing into the stack for thread: 0x000001a62eaac800
stack at sp + 5 slots: 0x000000758f1f3c28 is pointing into the stack for thread: 0x000001a62eaac800
stack at sp + 6 slots: 0xfffffffffffffffe is an unknown value
stack at sp + 7 slots: 0x000000758f1f3e50 is pointing into the stack for thread: 0x000001a62eaac800


---------------  P R O C E S S  ---------------

Threads class SMR info:
_java_thread_list=0x000001a6610a9d90, length=34, elements={
0x000001a630a16800, 0x000001a6548dd000, 0x000001a616165000, 0x000001a654196800,
0x000001a617be5000, 0x000001a652ed5800, 0x000001a6520d9800, 0x000001a651e19800,
0x000001a630a0f800, 0x000001a654a27000, 0x000001a6554a1800, 0x000001a615ff6000,
0x000001a61675d800, 0x000001a655820800, 0x000001a62eaac800, 0x000001a62e1b9800,
0x000001a62e850800, 0x000001a62ec25800, 0x000001a62e4fe800, 0x000001a62e501000,
0x000001a62e4ff000, 0x000001a62e4fb000, 0x000001a62e501800, 0x000001a65ee3a000,
0x000001a65ee36800, 0x000001a65ee37800, 0x000001a65ee3b000, 0x000001a65ee35000,
0x000001a65ee36000, 0x000001a65ee34800, 0x000001a66481c800, 0x000001a664820000,
0x000001a664821800, 0x000001a66481e000
}

Java Threads: ( => current thread )
  0x000001a630a16800 JavaThread "main" [_thread_blocked, id=26008, stack(0x0000007588900000,0x0000007588a00000)]
  0x000001a6548dd000 JavaThread "Reference Handler" daemon [_thread_blocked, id=23824, stack(0x000000758a700000,0x000000758ac00000)]
  0x000001a616165000 JavaThread "Finalizer" daemon [_thread_blocked, id=5260, stack(0x000000758ac00000,0x000000758b100000)]
  0x000001a654196800 JavaThread "Signal Dispatcher" daemon [_thread_blocked, id=28052, stack(0x000000758b100000,0x000000758b600000)]
  0x000001a617be5000 JavaThread "Attach Listener" daemon [_thread_blocked, id=15368, stack(0x000000758b600000,0x000000758bb00000)]
  0x000001a652ed5800 JavaThread "C2 CompilerThread0" daemon [_thread_blocked, id=25904, stack(0x000000758bb00000,0x000000758bc00000)]
  0x000001a6520d9800 JavaThread "C1 CompilerThread0" daemon [_thread_blocked, id=34872, stack(0x000000758bc00000,0x000000758bd00000)]
  0x000001a651e19800 JavaThread "Sweeper thread" daemon [_thread_blocked, id=20748, stack(0x000000758bd00000,0x000000758c200000)]
  0x000001a630a0f800 JavaThread "Common-Cleaner" daemon [_thread_blocked, id=32016, stack(0x000000758c600000,0x000000758cb00000)]
  0x000001a654a27000 JavaThread "Service Thread" daemon [_thread_blocked, id=28532, stack(0x000000758cb00000,0x000000758d000000)]
  0x000001a6554a1800 JavaThread "Java2D Disposer" daemon [_thread_blocked, id=1628, stack(0x000000758d100000,0x000000758d600000)]
  0x000001a615ff6000 JavaThread "AWT-Shutdown" [_thread_blocked, id=32224, stack(0x000000758d600000,0x000000758db00000)]
  0x000001a61675d800 JavaThread "AWT-Windows" daemon [_thread_in_native, id=5592, stack(0x000000758db00000,0x000000758e000000)]
  0x000001a655820800 JavaThread "TimerQueue" daemon [_thread_blocked, id=30180, stack(0x000000758e000000,0x000000758e500000)]
=>0x000001a62eaac800 JavaThread "AWT-EventQueue-0" [_thread_in_native, id=2908, stack(0x000000758ed00000,0x000000758f200000)]
  0x000001a62e1b9800 JavaThread "Thread-1" [_thread_in_native, id=23556, stack(0x0000007588a00000,0x0000007589e00000)]
  0x000001a62e850800 JavaThread "Process Messages Thread" [_thread_blocked, id=28640, stack(0x000000758f700000,0x000000758fc00000)]
  0x000001a62ec25800 JavaThread "Batik CleanerThread" daemon [_thread_blocked, id=12828, stack(0x000000758f200000,0x000000758f700000)]
  0x000001a62e4fe800 JavaThread "SyntheticaCleanerThread" daemon [_thread_blocked, id=22960, stack(0x0000007591200000,0x0000007591700000)]
  0x000001a62e501000 JavaThread "Monitor HEventQueue Thread" [_thread_blocked, id=24776, stack(0x0000007591700000,0x0000007591c00000)]
  0x000001a62e4ff000 JavaThread "SyntheticaAnimation 50" daemon [_thread_blocked, id=21100, stack(0x0000007591c00000,0x0000007592100000)]
  0x000001a62e4fb000 JavaThread "SyntheticaAnimation 25" daemon [_thread_blocked, id=40288, stack(0x0000007592300000,0x0000007592800000)]
  0x000001a62e501800 JavaThread "SyntheticaAnimation 70" daemon [_thread_blocked, id=7420, stack(0x0000007592d00000,0x0000007593200000)]
  0x000001a65ee3a000 JavaThread "Refresh Filesets Swing Worker Thread" [_thread_blocked, id=4052, stack(0x0000007590900000,0x0000007590e00000)]
  0x000001a65ee36800 JavaThread "hw_ila_monitor" [_thread_blocked, id=28028, stack(0x0000007593900000,0x0000007593e00000)]
  0x000001a65ee37800 JavaThread "pool-1-thread-1" [_thread_blocked, id=22356, stack(0x0000007594800000,0x0000007594d00000)]
  0x000001a65ee3b000 JavaThread "pool-2-thread-1" [_thread_blocked, id=22596, stack(0x0000007594d00000,0x0000007595200000)]
  0x000001a65ee35000 JavaThread "pool-3-thread-1" [_thread_blocked, id=18668, stack(0x0000007595200000,0x0000007595700000)]
  0x000001a65ee36000 JavaThread "Update Runs Swing Worker Thread" [_thread_blocked, id=1444, stack(0x0000007595700000,0x0000007595c00000)]
  0x000001a65ee34800 JavaThread "SyntheticaAnimation 50" daemon [_thread_blocked, id=35104, stack(0x0000007592800000,0x0000007592d00000)]
  0x000001a66481c800 JavaThread "Image Animator 0" daemon [_thread_blocked, id=19128, stack(0x0000007596100000,0x0000007596600000)]
  0x000001a664820000 JavaThread "Timer-1" [_thread_blocked, id=25200, stack(0x0000007595c00000,0x0000007596100000)]
  0x000001a664821800 JavaThread "Monitor File Timestamp Swing Worker Thread" [_thread_blocked, id=39332, stack(0x0000007596600000,0x0000007596b00000)]
  0x000001a66481e000 JavaThread "Relaunch Simulation Thread" [_thread_blocked, id=25536, stack(0x000000758e500000,0x000000758ea00000)]

Other Threads:
  0x000001a635288800 VMThread "VM Thread" [stack: 0x000000758a600000,0x000000758a700000] [id=17596]
  0x000001a6531e4800 WatcherThread [stack: 0x000000758d000000,0x000000758d100000] [id=25840]
  0x000001a654bad800 GCTaskThread "GC Thread#0" [stack: 0x000000758a100000,0x000000758a200000] [id=4672]
  0x000001a62ef93800 GCTaskThread "GC Thread#1" [stack: 0x000000758fc00000,0x000000758fd00000] [id=36808]
  0x000001a62ebdb800 GCTaskThread "GC Thread#2" [stack: 0x000000758fd00000,0x000000758fe00000] [id=34432]
  0x000001a62ebdc000 GCTaskThread "GC Thread#3" [stack: 0x000000758fe00000,0x000000758ff00000] [id=22204]
  0x000001a62e266000 GCTaskThread "GC Thread#4" [stack: 0x000000758ff00000,0x0000007590000000] [id=9964]
  0x000001a62e267800 GCTaskThread "GC Thread#5" [stack: 0x0000007590000000,0x0000007590100000] [id=17924]
  0x000001a62e267000 GCTaskThread "GC Thread#6" [stack: 0x0000007590100000,0x0000007590200000] [id=30024]
  0x000001a62e269000 GCTaskThread "GC Thread#7" [stack: 0x0000007590200000,0x0000007590300000] [id=29444]
  0x000001a62e26a000 GCTaskThread "GC Thread#8" [stack: 0x0000007590300000,0x0000007590400000] [id=35176]
  0x000001a62e26c800 GCTaskThread "GC Thread#9" [stack: 0x0000007590400000,0x0000007590500000] [id=24572]
  0x000001a62e268800 GCTaskThread "GC Thread#10" [stack: 0x0000007590500000,0x0000007590600000] [id=24172]
  0x000001a62e26d800 GCTaskThread "GC Thread#11" [stack: 0x0000007590600000,0x0000007590700000] [id=32460]
  0x000001a64922e000 GCTaskThread "GC Thread#12" [stack: 0x000000758c500000,0x000000758c600000] [id=30988]
  0x000001a612c29800 ConcurrentGCThread "G1 Main Marker" [stack: 0x000000758a200000,0x000000758a300000] [id=19672]
  0x000001a630826000 ConcurrentGCThread "G1 Conc#0" [stack: 0x000000758a300000,0x000000758a400000] [id=35628]
  0x000001a62e26a800 ConcurrentGCThread "G1 Conc#1" [stack: 0x0000007590700000,0x0000007590800000] [id=2772]
  0x000001a62e26b800 ConcurrentGCThread "G1 Conc#2" [stack: 0x0000007590800000,0x0000007590900000] [id=29544]
  0x000001a6542c5800 ConcurrentGCThread "G1 Refine#0" [stack: 0x000000758a400000,0x000000758a500000] [id=37344]
  0x000001a64684a800 ConcurrentGCThread "G1 Refine#1" [stack: 0x0000007591100000,0x0000007591200000] [id=33900]
  0x000001a631f2a800 ConcurrentGCThread "G1 Young RemSet Sampling" [stack: 0x000000758a500000,0x000000758a600000] [id=36924]

Threads with active compile tasks:

VM state:not at safepoint (normal execution)

VM Mutex/Monitor currently owned by a thread: None

Heap address: 0x0000000740000000, size: 3072 MB, Compressed Oops mode: Zero based, Oop shift amount: 3
Narrow klass base: 0x0000000800000000, Narrow klass shift: 0
Compressed class space size: 1073741824 Address: 0x0000000800000000

Heap:
 garbage-first heap   total 215040K, used 137595K [0x0000000740000000, 0x0000000800000000)
  region size 1024K, 41 young (41984K), 2 survivors (2048K)
 Metaspace       used 90811K, capacity 92000K, committed 95568K, reserved 1130496K
  class space    used 12096K, capacity 12604K, committed 13824K, reserved 1048576K
Heap Regions: E=young(eden), S=young(survivor), O=old, HS=humongous(starts), HC=humongous(continues), CS=collection set, F=free, A=archive, TAMS=top-at-mark-start (previous, next)
|   0|0x0000000740000000, 0x0000000740100000, 0x0000000740100000|100%|HS|  |TAMS 0x0000000740100000, 0x0000000740000000| Complete 
|   1|0x0000000740100000, 0x0000000740200000, 0x0000000740200000|100%|HC|  |TAMS 0x0000000740200000, 0x0000000740100000| Complete 
|   2|0x0000000740200000, 0x0000000740300000, 0x0000000740300000|100%|HS|  |TAMS 0x0000000740300000, 0x0000000740200000| Complete 
|   3|0x0000000740300000, 0x00000007403ffff0, 0x0000000740400000| 99%| O|  |TAMS 0x00000007403ffff0, 0x0000000740300000| Untracked 
|   4|0x0000000740400000, 0x00000007404fff18, 0x0000000740500000| 99%| O|  |TAMS 0x00000007404fff18, 0x0000000740400000| Untracked 
|   5|0x0000000740500000, 0x00000007405ffe58, 0x0000000740600000| 99%| O|  |TAMS 0x00000007405ffe58, 0x0000000740500000| Untracked 
|   6|0x0000000740600000, 0x0000000740700000, 0x0000000740700000|100%| O|  |TAMS 0x0000000740700000, 0x0000000740600000| Untracked 
|   7|0x0000000740700000, 0x00000007407ffff0, 0x0000000740800000| 99%| O|  |TAMS 0x00000007407ffff0, 0x0000000740700000| Untracked 
|   8|0x0000000740800000, 0x00000007408ffff8, 0x0000000740900000| 99%| O|  |TAMS 0x00000007408ffff8, 0x0000000740800000| Untracked 
|   9|0x0000000740900000, 0x00000007409ff948, 0x0000000740a00000| 99%| O|  |TAMS 0x00000007409ff948, 0x0000000740900000| Untracked 
|  10|0x0000000740a00000, 0x0000000740b00000, 0x0000000740b00000|100%| O|  |TAMS 0x0000000740b00000, 0x0000000740a00000| Untracked 
|  11|0x0000000740b00000, 0x0000000740bfffe8, 0x0000000740c00000| 99%| O|  |TAMS 0x0000000740bfffe8, 0x0000000740b00000| Untracked 
|  12|0x0000000740c00000, 0x0000000740ce92e8, 0x0000000740d00000| 91%| O|  |TAMS 0x0000000740ce92e8, 0x0000000740c00000| Untracked 
|  13|0x0000000740d00000, 0x0000000740dffb50, 0x0000000740e00000| 99%| O|  |TAMS 0x0000000740dffb50, 0x0000000740d00000| Untracked 
|  14|0x0000000740e00000, 0x0000000740ee50a0, 0x0000000740f00000| 89%| O|  |TAMS 0x0000000740ee50a0, 0x0000000740e00000| Untracked 
|  15|0x0000000740f00000, 0x0000000740ffeec8, 0x0000000741000000| 99%| O|  |TAMS 0x0000000740ffeec8, 0x0000000740f00000| Untracked 
|  16|0x0000000741000000, 0x00000007410fffe0, 0x0000000741100000| 99%| O|  |TAMS 0x00000007410fffe0, 0x0000000741000000| Untracked 
|  17|0x0000000741100000, 0x00000007411fffe8, 0x0000000741200000| 99%| O|  |TAMS 0x00000007411fffe8, 0x0000000741100000| Untracked 
|  18|0x0000000741200000, 0x00000007412ff6a0, 0x0000000741300000| 99%| O|  |TAMS 0x00000007412ff6a0, 0x0000000741200000| Untracked 
|  19|0x0000000741300000, 0x00000007413fffa8, 0x0000000741400000| 99%| O|  |TAMS 0x00000007413fffa8, 0x0000000741300000| Untracked 
|  20|0x0000000741400000, 0x00000007414fd328, 0x0000000741500000| 98%| O|  |TAMS 0x00000007414fd328, 0x0000000741400000| Untracked 
|  21|0x0000000741500000, 0x0000000741600000, 0x0000000741600000|100%| O|  |TAMS 0x0000000741600000, 0x0000000741500000| Untracked 
|  22|0x0000000741600000, 0x0000000741700000, 0x0000000741700000|100%|HS|  |TAMS 0x0000000741700000, 0x0000000741600000| Complete 
|  23|0x0000000741700000, 0x0000000741800000, 0x0000000741800000|100%|HC|  |TAMS 0x0000000741800000, 0x0000000741700000| Complete 
|  24|0x0000000741800000, 0x00000007418ffff0, 0x0000000741900000| 99%| O|  |TAMS 0x00000007418ffff0, 0x0000000741800000| Untracked 
|  25|0x0000000741900000, 0x00000007419ffff0, 0x0000000741a00000| 99%| O|  |TAMS 0x00000007419ffff0, 0x0000000741900000| Untracked 
|  26|0x0000000741a00000, 0x0000000741affff0, 0x0000000741b00000| 99%| O|  |TAMS 0x0000000741affff0, 0x0000000741a00000| Untracked 
|  27|0x0000000741b00000, 0x0000000741c00000, 0x0000000741c00000|100%| O|  |TAMS 0x0000000741c00000, 0x0000000741b00000| Untracked 
|  28|0x0000000741c00000, 0x0000000741d00000, 0x0000000741d00000|100%| O|  |TAMS 0x0000000741d00000, 0x0000000741c00000| Untracked 
|  29|0x0000000741d00000, 0x0000000741dffff0, 0x0000000741e00000| 99%| O|  |TAMS 0x0000000741dffff0, 0x0000000741d00000| Untracked 
|  30|0x0000000741e00000, 0x0000000741f00000, 0x0000000741f00000|100%| O|  |TAMS 0x0000000741f00000, 0x0000000741e00000| Untracked 
|  31|0x0000000741f00000, 0x0000000741ffffe8, 0x0000000742000000| 99%| O|  |TAMS 0x0000000741ffffe8, 0x0000000741f00000| Untracked 
|  32|0x0000000742000000, 0x00000007420fdb80, 0x0000000742100000| 99%| O|  |TAMS 0x00000007420fdb80, 0x0000000742000000| Untracked 
|  33|0x0000000742100000, 0x00000007421f11d8, 0x0000000742200000| 94%| O|  |TAMS 0x00000007421f11d8, 0x0000000742100000| Untracked 
|  34|0x0000000742200000, 0x00000007422ffff8, 0x0000000742300000| 99%| O|  |TAMS 0x00000007422ffff8, 0x0000000742200000| Untracked 
|  35|0x0000000742300000, 0x00000007423ffff8, 0x0000000742400000| 99%| O|  |TAMS 0x00000007423ffff8, 0x0000000742300000| Untracked 
|  36|0x0000000742400000, 0x00000007424ffee0, 0x0000000742500000| 99%| O|  |TAMS 0x00000007424ffee0, 0x0000000742400000| Untracked 
|  37|0x0000000742500000, 0x00000007425fffd8, 0x0000000742600000| 99%| O|  |TAMS 0x00000007425fffd8, 0x0000000742500000| Untracked 
|  38|0x0000000742600000, 0x00000007426ffff0, 0x0000000742700000| 99%| O|  |TAMS 0x00000007426ffff0, 0x0000000742600000| Untracked 
|  39|0x0000000742700000, 0x00000007427fffe8, 0x0000000742800000| 99%| O|  |TAMS 0x00000007427fffe8, 0x0000000742700000| Untracked 
|  40|0x0000000742800000, 0x00000007428fffc0, 0x0000000742900000| 99%| O|  |TAMS 0x00000007428fffc0, 0x0000000742800000| Untracked 
|  41|0x0000000742900000, 0x00000007429ffff0, 0x0000000742a00000| 99%| O|  |TAMS 0x00000007429ffff0, 0x0000000742900000| Untracked 
|  42|0x0000000742a00000, 0x0000000742afee58, 0x0000000742b00000| 99%| O|  |TAMS 0x0000000742afee58, 0x0000000742a00000| Untracked 
|  43|0x0000000742b00000, 0x0000000742bfffe8, 0x0000000742c00000| 99%| O|  |TAMS 0x0000000742bfffe8, 0x0000000742b00000| Untracked 
|  44|0x0000000742c00000, 0x0000000742cffff8, 0x0000000742d00000| 99%| O|  |TAMS 0x0000000742cffff8, 0x0000000742c00000| Untracked 
|  45|0x0000000742d00000, 0x0000000742dfff88, 0x0000000742e00000| 99%| O|  |TAMS 0x0000000742dfff88, 0x0000000742d00000| Untracked 
|  46|0x0000000742e00000, 0x0000000742effff8, 0x0000000742f00000| 99%| O|  |TAMS 0x0000000742effff8, 0x0000000742e00000| Untracked 
|  47|0x0000000742f00000, 0x0000000743000000, 0x0000000743000000|100%| O|  |TAMS 0x0000000743000000, 0x0000000742f00000| Untracked 
|  48|0x0000000743000000, 0x00000007430ffff8, 0x0000000743100000| 99%| O|  |TAMS 0x00000007430ffff8, 0x0000000743000000| Untracked 
|  49|0x0000000743100000, 0x00000007431fffe8, 0x0000000743200000| 99%| O|  |TAMS 0x00000007431fffe8, 0x0000000743100000| Untracked 
|  50|0x0000000743200000, 0x00000007432ff550, 0x0000000743300000| 99%| O|  |TAMS 0x00000007432ff550, 0x0000000743200000| Untracked 
|  51|0x0000000743300000, 0x0000000743400000, 0x0000000743400000|100%|HS|  |TAMS 0x0000000743400000, 0x0000000743300000| Complete 
|  52|0x0000000743400000, 0x0000000743500000, 0x0000000743500000|100%|HC|  |TAMS 0x0000000743500000, 0x0000000743400000| Complete 
|  53|0x0000000743500000, 0x0000000743600000, 0x0000000743600000|100%|HC|  |TAMS 0x0000000743600000, 0x0000000743500000| Complete 
|  54|0x0000000743600000, 0x0000000743700000, 0x0000000743700000|100%|HC|  |TAMS 0x0000000743700000, 0x0000000743600000| Complete 
|  55|0x0000000743700000, 0x0000000743800000, 0x0000000743800000|100%|HC|  |TAMS 0x0000000743800000, 0x0000000743700000| Complete 
|  56|0x0000000743800000, 0x0000000743900000, 0x0000000743900000|100%|HC|  |TAMS 0x0000000743900000, 0x0000000743800000| Complete 
|  57|0x0000000743900000, 0x0000000743a00000, 0x0000000743a00000|100%|HC|  |TAMS 0x0000000743a00000, 0x0000000743900000| Complete 
|  58|0x0000000743a00000, 0x0000000743b00000, 0x0000000743b00000|100%|HC|  |TAMS 0x0000000743b00000, 0x0000000743a00000| Complete 
|  59|0x0000000743b00000, 0x0000000743c00000, 0x0000000743c00000|100%|HC|  |TAMS 0x0000000743c00000, 0x0000000743b00000| Complete 
|  60|0x0000000743c00000, 0x0000000743d00000, 0x0000000743d00000|100%|HC|  |TAMS 0x0000000743d00000, 0x0000000743c00000| Complete 
|  61|0x0000000743d00000, 0x0000000743e00000, 0x0000000743e00000|100%|HC|  |TAMS 0x0000000743e00000, 0x0000000743d00000| Complete 
|  62|0x0000000743e00000, 0x0000000743f00000, 0x0000000743f00000|100%|HC|  |TAMS 0x0000000743f00000, 0x0000000743e00000| Complete 
|  63|0x0000000743f00000, 0x0000000744000000, 0x0000000744000000|100%|HC|  |TAMS 0x0000000744000000, 0x0000000743f00000| Complete 
|  64|0x0000000744000000, 0x0000000744100000, 0x0000000744100000|100%|HC|  |TAMS 0x0000000744100000, 0x0000000744000000| Complete 
|  65|0x0000000744100000, 0x0000000744200000, 0x0000000744200000|100%|HC|  |TAMS 0x0000000744200000, 0x0000000744100000| Complete 
|  66|0x0000000744200000, 0x0000000744300000, 0x0000000744300000|100%|HS|  |TAMS 0x0000000744300000, 0x0000000744200000| Complete 
|  67|0x0000000744300000, 0x00000007443fffd8, 0x0000000744400000| 99%| O|  |TAMS 0x00000007443fffd8, 0x0000000744300000| Untracked 
|  68|0x0000000744400000, 0x00000007444fffd0, 0x0000000744500000| 99%| O|  |TAMS 0x00000007444fffd0, 0x0000000744400000| Untracked 
|  69|0x0000000744500000, 0x0000000744600000, 0x0000000744600000|100%|HS|  |TAMS 0x0000000744600000, 0x0000000744500000| Complete 
|  70|0x0000000744600000, 0x00000007446fffe8, 0x0000000744700000| 99%| O|  |TAMS 0x00000007446fffe8, 0x0000000744600000| Untracked 
|  71|0x0000000744700000, 0x00000007447fffa8, 0x0000000744800000| 99%| O|  |TAMS 0x00000007447fffa8, 0x0000000744700000| Untracked 
|  72|0x0000000744800000, 0x0000000744900000, 0x0000000744900000|100%|HS|  |TAMS 0x0000000744900000, 0x0000000744800000| Complete 
|  73|0x0000000744900000, 0x00000007449fffe8, 0x0000000744a00000| 99%| O|  |TAMS 0x00000007449fffe8, 0x0000000744900000| Untracked 
|  74|0x0000000744a00000, 0x0000000744affff8, 0x0000000744b00000| 99%| O|  |TAMS 0x0000000744affff8, 0x0000000744a00000| Untracked 
|  75|0x0000000744b00000, 0x0000000744bffff0, 0x0000000744c00000| 99%| O|  |TAMS 0x0000000744bffff0, 0x0000000744b00000| Untracked 
|  76|0x0000000744c00000, 0x0000000744cfffe8, 0x0000000744d00000| 99%| O|  |TAMS 0x0000000744cfffe8, 0x0000000744c00000| Untracked 
|  77|0x0000000744d00000, 0x0000000744dffff8, 0x0000000744e00000| 99%| O|  |TAMS 0x0000000744dffff8, 0x0000000744d00000| Untracked 
|  78|0x0000000744e00000, 0x0000000744f00000, 0x0000000744f00000|100%| O|  |TAMS 0x0000000744f00000, 0x0000000744e00000| Untracked 
|  79|0x0000000744f00000, 0x0000000744fffff0, 0x0000000745000000| 99%| O|  |TAMS 0x0000000744fffff0, 0x0000000744f00000| Untracked 
|  80|0x0000000745000000, 0x0000000745037648, 0x0000000745100000| 21%| O|  |TAMS 0x0000000745037648, 0x0000000745000000| Untracked 
|  81|0x0000000745100000, 0x0000000745200000, 0x0000000745200000|100%| O|  |TAMS 0x0000000745200000, 0x0000000745100000| Untracked 
|  82|0x0000000745200000, 0x00000007452ffff8, 0x0000000745300000| 99%| O|  |TAMS 0x00000007452ffff8, 0x0000000745200000| Untracked 
|  83|0x0000000745300000, 0x0000000745400000, 0x0000000745400000|100%| O|  |TAMS 0x0000000745400000, 0x0000000745300000| Untracked 
|  84|0x0000000745400000, 0x000000074540bcc0, 0x0000000745500000|  4%| O|  |TAMS 0x000000074540bcc0, 0x0000000745400000| Untracked 
|  85|0x0000000745500000, 0x00000007455ffee0, 0x0000000745600000| 99%| O|  |TAMS 0x00000007455ffee0, 0x0000000745500000| Untracked 
|  86|0x0000000745600000, 0x000000074568bff8, 0x0000000745700000| 54%| O|  |TAMS 0x000000074568bff8, 0x0000000745600000| Untracked 
|  87|0x0000000745700000, 0x00000007457d2dd8, 0x0000000745800000| 82%| O|  |TAMS 0x00000007457d2dd8, 0x0000000745700000| Untracked 
|  88|0x0000000745800000, 0x0000000745870c38, 0x0000000745900000| 44%| O|  |TAMS 0x0000000745870c38, 0x0000000745800000| Untracked 
|  89|0x0000000745900000, 0x000000074597fa30, 0x0000000745a00000| 49%| O|  |TAMS 0x000000074597fa30, 0x0000000745900000| Untracked 
|  90|0x0000000745a00000, 0x0000000745a05f38, 0x0000000745b00000|  2%| O|  |TAMS 0x0000000745a05f38, 0x0000000745a00000| Untracked 
|  91|0x0000000745b00000, 0x0000000745b00000, 0x0000000745c00000|  0%| F|  |TAMS 0x0000000745b00000, 0x0000000745b00000| Untracked 
|  92|0x0000000745c00000, 0x0000000745c9d560, 0x0000000745d00000| 61%| O|  |TAMS 0x0000000745c9d560, 0x0000000745c00000| Untracked 
|  93|0x0000000745d00000, 0x0000000745d61a78, 0x0000000745e00000| 38%| O|  |TAMS 0x0000000745d61a78, 0x0000000745d00000| Untracked 
|  94|0x0000000745e00000, 0x0000000745e00000, 0x0000000745f00000|  0%| F|  |TAMS 0x0000000745e00000, 0x0000000745e00000| Untracked 
|  95|0x0000000745f00000, 0x0000000746000000, 0x0000000746000000|100%|HS|  |TAMS 0x0000000746000000, 0x0000000745f00000| Complete 
|  96|0x0000000746000000, 0x0000000746100000, 0x0000000746100000|100%|HC|  |TAMS 0x0000000746100000, 0x0000000746000000| Complete 
|  97|0x0000000746100000, 0x0000000746200000, 0x0000000746200000|100%|HC|  |TAMS 0x0000000746200000, 0x0000000746100000| Complete 
|  98|0x0000000746200000, 0x0000000746300000, 0x0000000746300000|100%|HC|  |TAMS 0x0000000746300000, 0x0000000746200000| Complete 
|  99|0x0000000746300000, 0x0000000746400000, 0x0000000746400000|100%|HC|  |TAMS 0x0000000746400000, 0x0000000746300000| Complete 
| 100|0x0000000746400000, 0x0000000746500000, 0x0000000746500000|100%|HC|  |TAMS 0x0000000746500000, 0x0000000746400000| Complete 
| 101|0x0000000746500000, 0x0000000746600000, 0x0000000746600000|100%|HC|  |TAMS 0x0000000746600000, 0x0000000746500000| Complete 
| 102|0x0000000746600000, 0x0000000746700000, 0x0000000746700000|100%|HC|  |TAMS 0x0000000746700000, 0x0000000746600000| Complete 
| 103|0x0000000746700000, 0x0000000746700000, 0x0000000746800000|  0%| F|  |TAMS 0x0000000746700000, 0x0000000746700000| Untracked 
| 104|0x0000000746800000, 0x0000000746800000, 0x0000000746900000|  0%| F|  |TAMS 0x0000000746800000, 0x0000000746800000| Untracked 
| 105|0x0000000746900000, 0x0000000746900000, 0x0000000746a00000|  0%| F|  |TAMS 0x0000000746900000, 0x0000000746900000| Untracked 
| 106|0x0000000746a00000, 0x0000000746a00000, 0x0000000746b00000|  0%| F|  |TAMS 0x0000000746a00000, 0x0000000746a00000| Untracked 
| 107|0x0000000746b00000, 0x0000000746b00000, 0x0000000746c00000|  0%| F|  |TAMS 0x0000000746b00000, 0x0000000746b00000| Untracked 
| 108|0x0000000746c00000, 0x0000000746c00000, 0x0000000746d00000|  0%| F|  |TAMS 0x0000000746c00000, 0x0000000746c00000| Untracked 
| 109|0x0000000746d00000, 0x0000000746d00000, 0x0000000746e00000|  0%| F|  |TAMS 0x0000000746d00000, 0x0000000746d00000| Untracked 
| 110|0x0000000746e00000, 0x0000000746e00000, 0x0000000746f00000|  0%| F|  |TAMS 0x0000000746e00000, 0x0000000746e00000| Untracked 
| 111|0x0000000746f00000, 0x0000000746f00000, 0x0000000747000000|  0%| F|  |TAMS 0x0000000746f00000, 0x0000000746f00000| Untracked 
| 112|0x0000000747000000, 0x0000000747000000, 0x0000000747100000|  0%| F|  |TAMS 0x0000000747000000, 0x0000000747000000| Untracked 
| 113|0x0000000747100000, 0x0000000747100000, 0x0000000747200000|  0%| F|  |TAMS 0x0000000747100000, 0x0000000747100000| Untracked 
| 114|0x0000000747200000, 0x0000000747200000, 0x0000000747300000|  0%| F|  |TAMS 0x0000000747200000, 0x0000000747200000| Untracked 
| 115|0x0000000747300000, 0x0000000747300000, 0x0000000747400000|  0%| F|  |TAMS 0x0000000747300000, 0x0000000747300000| Untracked 
| 116|0x0000000747400000, 0x0000000747400000, 0x0000000747500000|  0%| F|  |TAMS 0x0000000747400000, 0x0000000747400000| Untracked 
| 117|0x0000000747500000, 0x0000000747500000, 0x0000000747600000|  0%| F|  |TAMS 0x0000000747500000, 0x0000000747500000| Untracked 
| 118|0x0000000747600000, 0x0000000747600000, 0x0000000747700000|  0%| F|  |TAMS 0x0000000747600000, 0x0000000747600000| Untracked 
| 119|0x0000000747700000, 0x0000000747700000, 0x0000000747800000|  0%| F|  |TAMS 0x0000000747700000, 0x0000000747700000| Untracked 
| 120|0x0000000747800000, 0x0000000747800000, 0x0000000747900000|  0%| F|  |TAMS 0x0000000747800000, 0x0000000747800000| Untracked 
| 121|0x0000000747900000, 0x0000000747900000, 0x0000000747a00000|  0%| F|  |TAMS 0x0000000747900000, 0x0000000747900000| Untracked 
| 122|0x0000000747a00000, 0x0000000747a00000, 0x0000000747b00000|  0%| F|  |TAMS 0x0000000747a00000, 0x0000000747a00000| Untracked 
| 123|0x0000000747b00000, 0x0000000747b00000, 0x0000000747c00000|  0%| F|  |TAMS 0x0000000747b00000, 0x0000000747b00000| Untracked 
| 124|0x0000000747c00000, 0x0000000747c00000, 0x0000000747d00000|  0%| F|  |TAMS 0x0000000747c00000, 0x0000000747c00000| Untracked 
| 125|0x0000000747d00000, 0x0000000747d00000, 0x0000000747e00000|  0%| F|  |TAMS 0x0000000747d00000, 0x0000000747d00000| Untracked 
| 126|0x0000000747e00000, 0x0000000747e00000, 0x0000000747f00000|  0%| F|  |TAMS 0x0000000747e00000, 0x0000000747e00000| Untracked 
| 127|0x0000000747f00000, 0x0000000747f00000, 0x0000000748000000|  0%| F|  |TAMS 0x0000000747f00000, 0x0000000747f00000| Untracked 
| 128|0x0000000748000000, 0x0000000748000000, 0x0000000748100000|  0%| F|  |TAMS 0x0000000748000000, 0x0000000748000000| Untracked 
| 129|0x0000000748100000, 0x0000000748100000, 0x0000000748200000|  0%| F|  |TAMS 0x0000000748100000, 0x0000000748100000| Untracked 
| 130|0x0000000748200000, 0x0000000748200000, 0x0000000748300000|  0%| F|  |TAMS 0x0000000748200000, 0x0000000748200000| Untracked 
| 131|0x0000000748300000, 0x0000000748300000, 0x0000000748400000|  0%| F|  |TAMS 0x0000000748300000, 0x0000000748300000| Untracked 
| 132|0x0000000748400000, 0x0000000748400000, 0x0000000748500000|  0%| F|  |TAMS 0x0000000748400000, 0x0000000748400000| Untracked 
| 133|0x0000000748500000, 0x0000000748500000, 0x0000000748600000|  0%| F|  |TAMS 0x0000000748500000, 0x0000000748500000| Untracked 
| 134|0x0000000748600000, 0x0000000748600000, 0x0000000748700000|  0%| F|  |TAMS 0x0000000748600000, 0x0000000748600000| Untracked 
| 135|0x0000000748700000, 0x0000000748700000, 0x0000000748800000|  0%| F|  |TAMS 0x0000000748700000, 0x0000000748700000| Untracked 
| 136|0x0000000748800000, 0x0000000748800000, 0x0000000748900000|  0%| F|  |TAMS 0x0000000748800000, 0x0000000748800000| Untracked 
| 137|0x0000000748900000, 0x0000000748900000, 0x0000000748a00000|  0%| F|  |TAMS 0x0000000748900000, 0x0000000748900000| Untracked 
| 138|0x0000000748a00000, 0x0000000748a00000, 0x0000000748b00000|  0%| F|  |TAMS 0x0000000748a00000, 0x0000000748a00000| Untracked 
| 139|0x0000000748b00000, 0x0000000748b00000, 0x0000000748c00000|  0%| F|  |TAMS 0x0000000748b00000, 0x0000000748b00000| Untracked 
| 140|0x0000000748c00000, 0x0000000748c00000, 0x0000000748d00000|  0%| F|  |TAMS 0x0000000748c00000, 0x0000000748c00000| Untracked 
| 141|0x0000000748d00000, 0x0000000748d00000, 0x0000000748e00000|  0%| F|  |TAMS 0x0000000748d00000, 0x0000000748d00000| Untracked 
| 142|0x0000000748e00000, 0x0000000748e00000, 0x0000000748f00000|  0%| F|  |TAMS 0x0000000748e00000, 0x0000000748e00000| Untracked 
| 143|0x0000000748f00000, 0x0000000748f00000, 0x0000000749000000|  0%| F|  |TAMS 0x0000000748f00000, 0x0000000748f00000| Untracked 
| 144|0x0000000749000000, 0x0000000749000000, 0x0000000749100000|  0%| F|  |TAMS 0x0000000749000000, 0x0000000749000000| Untracked 
| 145|0x0000000749100000, 0x0000000749100000, 0x0000000749200000|  0%| F|  |TAMS 0x0000000749100000, 0x0000000749100000| Untracked 
| 146|0x0000000749200000, 0x0000000749200000, 0x0000000749300000|  0%| F|  |TAMS 0x0000000749200000, 0x0000000749200000| Untracked 
| 147|0x0000000749300000, 0x0000000749300000, 0x0000000749400000|  0%| F|  |TAMS 0x0000000749300000, 0x0000000749300000| Untracked 
| 148|0x0000000749400000, 0x0000000749400000, 0x0000000749500000|  0%| F|  |TAMS 0x0000000749400000, 0x0000000749400000| Untracked 
| 149|0x0000000749500000, 0x0000000749500000, 0x0000000749600000|  0%| F|  |TAMS 0x0000000749500000, 0x0000000749500000| Untracked 
| 150|0x0000000749600000, 0x0000000749611e78, 0x0000000749700000|  6%| S|CS|TAMS 0x0000000749600000, 0x0000000749600000| Complete 
| 151|0x0000000749700000, 0x0000000749800000, 0x0000000749800000|100%| S|CS|TAMS 0x0000000749700000, 0x0000000749700000| Complete 
| 152|0x0000000749800000, 0x0000000749800000, 0x0000000749900000|  0%| F|  |TAMS 0x0000000749800000, 0x0000000749800000| Untracked 
| 153|0x0000000749900000, 0x0000000749900000, 0x0000000749a00000|  0%| F|  |TAMS 0x0000000749900000, 0x0000000749900000| Untracked 
| 154|0x0000000749a00000, 0x0000000749a00000, 0x0000000749b00000|  0%| F|  |TAMS 0x0000000749a00000, 0x0000000749a00000| Untracked 
| 155|0x0000000749b00000, 0x0000000749b00000, 0x0000000749c00000|  0%| F|  |TAMS 0x0000000749b00000, 0x0000000749b00000| Untracked 
| 156|0x0000000749c00000, 0x0000000749c00000, 0x0000000749d00000|  0%| F|  |TAMS 0x0000000749c00000, 0x0000000749c00000| Untracked 
| 157|0x0000000749d00000, 0x0000000749d00000, 0x0000000749e00000|  0%| F|  |TAMS 0x0000000749d00000, 0x0000000749d00000| Untracked 
| 158|0x0000000749e00000, 0x0000000749e00000, 0x0000000749f00000|  0%| F|  |TAMS 0x0000000749e00000, 0x0000000749e00000| Untracked 
| 159|0x0000000749f00000, 0x0000000749f00000, 0x000000074a000000|  0%| F|  |TAMS 0x0000000749f00000, 0x0000000749f00000| Untracked 
| 160|0x000000074a000000, 0x000000074a000000, 0x000000074a100000|  0%| F|  |TAMS 0x000000074a000000, 0x000000074a000000| Untracked 
| 161|0x000000074a100000, 0x000000074a100000, 0x000000074a200000|  0%| F|  |TAMS 0x000000074a100000, 0x000000074a100000| Untracked 
| 162|0x000000074a200000, 0x000000074a200000, 0x000000074a300000|  0%| F|  |TAMS 0x000000074a200000, 0x000000074a200000| Untracked 
| 163|0x000000074a300000, 0x000000074a300000, 0x000000074a400000|  0%| F|  |TAMS 0x000000074a300000, 0x000000074a300000| Untracked 
| 164|0x000000074a400000, 0x000000074a400000, 0x000000074a500000|  0%| F|  |TAMS 0x000000074a400000, 0x000000074a400000| Untracked 
| 165|0x000000074a500000, 0x000000074a500000, 0x000000074a600000|  0%| F|  |TAMS 0x000000074a500000, 0x000000074a500000| Untracked 
| 166|0x000000074a600000, 0x000000074a600000, 0x000000074a700000|  0%| F|  |TAMS 0x000000074a600000, 0x000000074a600000| Untracked 
| 167|0x000000074a700000, 0x000000074a700000, 0x000000074a800000|  0%| F|  |TAMS 0x000000074a700000, 0x000000074a700000| Untracked 
| 168|0x000000074a800000, 0x000000074a800000, 0x000000074a900000|  0%| F|  |TAMS 0x000000074a800000, 0x000000074a800000| Untracked 
| 169|0x000000074a900000, 0x000000074a900000, 0x000000074aa00000|  0%| F|  |TAMS 0x000000074a900000, 0x000000074a900000| Untracked 
| 170|0x000000074aa00000, 0x000000074aa00000, 0x000000074ab00000|  0%| F|  |TAMS 0x000000074aa00000, 0x000000074aa00000| Untracked 
| 171|0x000000074ab00000, 0x000000074ab083b0, 0x000000074ac00000|  3%| E|  |TAMS 0x000000074ab00000, 0x000000074ab00000| Complete 
| 172|0x000000074ac00000, 0x000000074ad00000, 0x000000074ad00000|100%| E|CS|TAMS 0x000000074ac00000, 0x000000074ac00000| Complete 
| 173|0x000000074ad00000, 0x000000074ae00000, 0x000000074ae00000|100%| E|CS|TAMS 0x000000074ad00000, 0x000000074ad00000| Complete 
| 174|0x000000074ae00000, 0x000000074af00000, 0x000000074af00000|100%| E|CS|TAMS 0x000000074ae00000, 0x000000074ae00000| Complete 
| 175|0x000000074af00000, 0x000000074b000000, 0x000000074b000000|100%| E|CS|TAMS 0x000000074af00000, 0x000000074af00000| Complete 
| 176|0x000000074b000000, 0x000000074b100000, 0x000000074b100000|100%| E|CS|TAMS 0x000000074b000000, 0x000000074b000000| Complete 
| 177|0x000000074b100000, 0x000000074b200000, 0x000000074b200000|100%| E|CS|TAMS 0x000000074b100000, 0x000000074b100000| Complete 
| 178|0x000000074b200000, 0x000000074b300000, 0x000000074b300000|100%| E|CS|TAMS 0x000000074b200000, 0x000000074b200000| Complete 
| 179|0x000000074b300000, 0x000000074b400000, 0x000000074b400000|100%| E|CS|TAMS 0x000000074b300000, 0x000000074b300000| Complete 
| 180|0x000000074b400000, 0x000000074b500000, 0x000000074b500000|100%| E|CS|TAMS 0x000000074b400000, 0x000000074b400000| Complete 
| 181|0x000000074b500000, 0x000000074b600000, 0x000000074b600000|100%| E|CS|TAMS 0x000000074b500000, 0x000000074b500000| Complete 
| 182|0x000000074b600000, 0x000000074b700000, 0x000000074b700000|100%| E|CS|TAMS 0x000000074b600000, 0x000000074b600000| Complete 
| 183|0x000000074b700000, 0x000000074b800000, 0x000000074b800000|100%| E|CS|TAMS 0x000000074b700000, 0x000000074b700000| Complete 
| 184|0x000000074b800000, 0x000000074b900000, 0x000000074b900000|100%| E|CS|TAMS 0x000000074b800000, 0x000000074b800000| Complete 
| 185|0x000000074b900000, 0x000000074ba00000, 0x000000074ba00000|100%| E|CS|TAMS 0x000000074b900000, 0x000000074b900000| Complete 
| 186|0x000000074ba00000, 0x000000074bb00000, 0x000000074bb00000|100%| E|CS|TAMS 0x000000074ba00000, 0x000000074ba00000| Complete 
| 187|0x000000074bb00000, 0x000000074bc00000, 0x000000074bc00000|100%| E|CS|TAMS 0x000000074bb00000, 0x000000074bb00000| Complete 
| 188|0x000000074bc00000, 0x000000074bd00000, 0x000000074bd00000|100%| E|CS|TAMS 0x000000074bc00000, 0x000000074bc00000| Complete 
| 189|0x000000074bd00000, 0x000000074be00000, 0x000000074be00000|100%| E|CS|TAMS 0x000000074bd00000, 0x000000074bd00000| Complete 
| 190|0x000000074be00000, 0x000000074bf00000, 0x000000074bf00000|100%| E|CS|TAMS 0x000000074be00000, 0x000000074be00000| Complete 
| 191|0x000000074bf00000, 0x000000074c000000, 0x000000074c000000|100%| E|CS|TAMS 0x000000074bf00000, 0x000000074bf00000| Complete 
| 192|0x000000074c000000, 0x000000074c100000, 0x000000074c100000|100%| E|CS|TAMS 0x000000074c000000, 0x000000074c000000| Complete 
| 193|0x000000074c100000, 0x000000074c200000, 0x000000074c200000|100%| E|CS|TAMS 0x000000074c100000, 0x000000074c100000| Complete 
| 194|0x000000074c200000, 0x000000074c300000, 0x000000074c300000|100%| E|CS|TAMS 0x000000074c200000, 0x000000074c200000| Complete 
| 195|0x000000074c300000, 0x000000074c400000, 0x000000074c400000|100%| E|CS|TAMS 0x000000074c300000, 0x000000074c300000| Complete 
| 196|0x000000074c400000, 0x000000074c500000, 0x000000074c500000|100%| E|CS|TAMS 0x000000074c400000, 0x000000074c400000| Complete 
| 197|0x000000074c500000, 0x000000074c600000, 0x000000074c600000|100%| E|CS|TAMS 0x000000074c500000, 0x000000074c500000| Complete 
| 198|0x000000074c600000, 0x000000074c700000, 0x000000074c700000|100%| E|CS|TAMS 0x000000074c600000, 0x000000074c600000| Complete 
| 199|0x000000074c700000, 0x000000074c800000, 0x000000074c800000|100%| E|CS|TAMS 0x000000074c700000, 0x000000074c700000| Complete 
| 200|0x000000074c800000, 0x000000074c900000, 0x000000074c900000|100%| E|CS|TAMS 0x000000074c800000, 0x000000074c800000| Complete 
| 201|0x000000074c900000, 0x000000074ca00000, 0x000000074ca00000|100%| E|CS|TAMS 0x000000074c900000, 0x000000074c900000| Complete 
| 202|0x000000074ca00000, 0x000000074cb00000, 0x000000074cb00000|100%| E|CS|TAMS 0x000000074ca00000, 0x000000074ca00000| Complete 
| 203|0x000000074cb00000, 0x000000074cc00000, 0x000000074cc00000|100%| E|CS|TAMS 0x000000074cb00000, 0x000000074cb00000| Complete 
| 204|0x000000074cc00000, 0x000000074cd00000, 0x000000074cd00000|100%| E|CS|TAMS 0x000000074cc00000, 0x000000074cc00000| Complete 
| 205|0x000000074cd00000, 0x000000074ce00000, 0x000000074ce00000|100%| E|CS|TAMS 0x000000074cd00000, 0x000000074cd00000| Complete 
| 206|0x000000074ce00000, 0x000000074cf00000, 0x000000074cf00000|100%| E|CS|TAMS 0x000000074ce00000, 0x000000074ce00000| Complete 
| 207|0x000000074cf00000, 0x000000074d000000, 0x000000074d000000|100%| E|CS|TAMS 0x000000074cf00000, 0x000000074cf00000| Complete 
| 208|0x000000074d000000, 0x000000074d100000, 0x000000074d100000|100%| E|CS|TAMS 0x000000074d000000, 0x000000074d000000| Complete 
| 209|0x000000074d100000, 0x000000074d200000, 0x000000074d200000|100%| E|CS|TAMS 0x000000074d100000, 0x000000074d100000| Complete 

Card table byte_map: [0x000001a619620000,0x000001a619c20000] _byte_map_base: 0x000001a615c20000

Marking Bits (Prev, Next): (CMBitMap*) 0x000001a631eccc70, (CMBitMap*) 0x000001a631eccc38
 Prev Bits: [0x000001a627770000, 0x000001a62a770000)
 Next Bits: [0x000001a624770000, 0x000001a627770000)

Polling page: 0x000001a612a80000

Metaspace:

Usage:
  Non-class:     77.54 MB capacity,    76.87 MB (>99%) used,   500.76 KB ( <1%) free+waste,   179.94 KB ( <1%) overhead. 
      Class:     12.31 MB capacity,    11.81 MB ( 96%) used,   426.85 KB (  3%) free+waste,    81.00 KB ( <1%) overhead. 
       Both:     89.84 MB capacity,    88.68 MB ( 99%) used,   927.61 KB (  1%) free+waste,   260.94 KB ( <1%) overhead. 

Virtual space:
  Non-class space:       80.00 MB reserved,      79.83 MB (>99%) committed 
      Class space:        1.00 GB reserved,      13.50 MB (  1%) committed 
             Both:        1.08 GB reserved,      93.33 MB (  8%) committed 

Chunk freelists:
   Non-Class:  269.50 KB
       Class:  144.50 KB
        Both:  414.00 KB

CodeHeap 'non-profiled nmethods': size=119168Kb used=19624Kb max_used=19624Kb free=99543Kb
 bounds [0x000001a63f030000, 0x000001a640360000, 0x000001a646490000]
CodeHeap 'profiled nmethods': size=119168Kb used=37816Kb max_used=40474Kb free=81351Kb
 bounds [0x000001a637bd0000, 0x000001a63a3e0000, 0x000001a63f030000]
CodeHeap 'non-nmethods': size=7424Kb used=1623Kb max_used=3337Kb free=5801Kb
 bounds [0x000001a637490000, 0x000001a637870000, 0x000001a637bd0000]
 total_blobs=32119 nmethods=16610 adapters=1067
 compilation: enabled
              stopped_count=0, restarted_count=0
 full_count=0

Compilation events (10 events):
Event: 5278.691 Thread 0x000001a6520d9800 nmethod 21989 0x000001a638b53590 code [0x000001a638b53780, 0x000001a638b53d18]
Event: 5278.691 Thread 0x000001a6520d9800 21990       3       ui.ay::aJR (126 bytes)
Event: 5278.692 Thread 0x000001a6520d9800 nmethod 21990 0x000001a639231390 code [0x000001a639231780, 0x000001a639233aa0]
Event: 5278.692 Thread 0x000001a6520d9800 21993       3       ui.views.o.O::fOn (11 bytes)
Event: 5278.692 Thread 0x000001a6520d9800 nmethod 21993 0x000001a638af0190 code [0x000001a638af0340, 0x000001a638af0518]
Event: 5278.694 Thread 0x000001a652ed5800 nmethod 21991 0x000001a64035c690 code [0x000001a64035c880, 0x000001a64035ced8]
Event: 5278.694 Thread 0x000001a652ed5800 21994       4       com.jidesoft.grid.TreeTableModel::getOriginalRows (13 bytes)
Event: 5278.695 Thread 0x000001a652ed5800 nmethod 21994 0x000001a64035d310 code [0x000001a64035d4c0, 0x000001a64035d6c8]
Event: 5278.695 Thread 0x000001a652ed5800 21995       4       com.jidesoft.grid.TreeTableModel::getRoot (26 bytes)
Event: 5278.696 Thread 0x000001a652ed5800 nmethod 21995 0x000001a64035d810 code [0x000001a64035d9c0, 0x000001a64035db68]

GC Heap History (10 events):
Event: 5263.251 GC heap before
{Heap before GC invocations=267 (full 64):
 garbage-first heap   total 215040K, used 158457K [0x0000000740000000, 0x0000000800000000)
  region size 1024K, 60 young (61440K), 1 survivors (1024K)
 Metaspace       used 90492K, capacity 91736K, committed 95312K, reserved 1130496K
  class space    used 12060K, capacity 12559K, committed 13824K, reserved 1048576K
}
Event: 5263.252 GC heap after
{Heap after GC invocations=268 (full 64):
 garbage-first heap   total 215040K, used 98101K [0x0000000740000000, 0x0000000800000000)
  region size 1024K, 1 young (1024K), 1 survivors (1024K)
 Metaspace       used 90492K, capacity 91736K, committed 95312K, reserved 1130496K
  class space    used 12060K, capacity 12559K, committed 13824K, reserved 1048576K
}
Event: 5266.543 GC heap before
{Heap before GC invocations=268 (full 64):
 garbage-first heap   total 215040K, used 158517K [0x0000000740000000, 0x0000000800000000)
  region size 1024K, 60 young (61440K), 1 survivors (1024K)
 Metaspace       used 90644K, capacity 91869K, committed 95312K, reserved 1130496K
  class space    used 12087K, capacity 12603K, committed 13824K, reserved 1048576K
}
Event: 5266.544 GC heap after
{Heap after GC invocations=269 (full 64):
 garbage-first heap   total 215040K, used 98842K [0x0000000740000000, 0x0000000800000000)
  region size 1024K, 2 young (2048K), 2 survivors (2048K)
 Metaspace       used 90644K, capacity 91869K, committed 95312K, reserved 1130496K
  class space    used 12087K, capacity 12603K, committed 13824K, reserved 1048576K
}
Event: 5267.756 GC heap before
{Heap before GC invocations=269 (full 64):
 garbage-first heap   total 215040K, used 158234K [0x0000000740000000, 0x0000000800000000)
  region size 1024K, 60 young (61440K), 2 survivors (2048K)
 Metaspace       used 90702K, capacity 91933K, committed 95312K, reserved 1130496K
  class space    used 12087K, capacity 12603K, committed 13824K, reserved 1048576K
}
Event: 5267.757 GC heap after
{Heap after GC invocations=270 (full 64):
 garbage-first heap   total 215040K, used 98555K [0x0000000740000000, 0x0000000800000000)
  region size 1024K, 1 young (1024K), 1 survivors (1024K)
 Metaspace       used 90702K, capacity 91933K, committed 95312K, reserved 1130496K
  class space    used 12087K, capacity 12603K, committed 13824K, reserved 1048576K
}
Event: 5268.460 GC heap before
{Heap before GC invocations=270 (full 64):
 garbage-first heap   total 215040K, used 158971K [0x0000000740000000, 0x0000000800000000)
  region size 1024K, 60 young (61440K), 1 survivors (1024K)
 Metaspace       used 90707K, capacity 91933K, committed 95312K, reserved 1130496K
  class space    used 12087K, capacity 12603K, committed 13824K, reserved 1048576K
}
Event: 5268.461 GC heap after
{Heap after GC invocations=271 (full 64):
 garbage-first heap   total 215040K, used 98645K [0x0000000740000000, 0x0000000800000000)
  region size 1024K, 2 young (2048K), 2 survivors (2048K)
 Metaspace       used 90707K, capacity 91933K, committed 95312K, reserved 1130496K
  class space    used 12087K, capacity 12603K, committed 13824K, reserved 1048576K
}
Event: 5270.464 GC heap before
{Heap before GC invocations=271 (full 64):
 garbage-first heap   total 215040K, used 158037K [0x0000000740000000, 0x0000000800000000)
  region size 1024K, 60 young (61440K), 2 survivors (2048K)
 Metaspace       used 90720K, capacity 91936K, committed 95312K, reserved 1130496K
  class space    used 12088K, capacity 12604K, committed 13824K, reserved 1048576K
}
Event: 5270.465 GC heap after
{Heap after GC invocations=272 (full 64):
 garbage-first heap   total 215040K, used 98683K [0x0000000740000000, 0x0000000800000000)
  region size 1024K, 2 young (2048K), 2 survivors (2048K)
 Metaspace       used 90720K, capacity 91936K, committed 95312K, reserved 1130496K
  class space    used 12088K, capacity 12604K, committed 13824K, reserved 1048576K
}

Deoptimization events (10 events):
Event: 5270.517 Thread 0x000001a62eaac800 Uncommon trap: reason=class_check action=maybe_recompile pc=0x000001a63f1c4f34 method=java.util.HashMap.removeNode(ILjava/lang/Object;Ljava/lang/Object;ZZ)Ljava/util/HashMap$Node; @ 68 c2
Event: 5270.997 Thread 0x000001a62eaac800 Uncommon trap: reason=class_check action=maybe_recompile pc=0x000001a63f3777ac method=com.jidesoft.swing.JideSwingUtilities.getButtonState(Ljavax/swing/AbstractButton;)I @ 37 c2
Event: 5270.997 Thread 0x000001a62eaac800 Uncommon trap: reason=class_check action=maybe_recompile pc=0x000001a63f67d330 method=com.jidesoft.plaf.basic.BasicJideButtonUI.getIcon(Ljavax/swing/AbstractButton;)Ljavax/swing/Icon; @ 91 c2
Event: 5271.135 Thread 0x000001a62eaac800 Uncommon trap: reason=speculate_class_check action=maybe_recompile pc=0x000001a64032da08 method=javax.swing.plaf.basic.BasicLabelUI.paint(Ljava/awt/Graphics;Ljavax/swing/JComponent;)V @ 168 c2
Event: 5271.136 Thread 0x000001a62eaac800 Uncommon trap: reason=bimorphic_or_optimized_type_check action=maybe_recompile pc=0x000001a64033715c method=java.awt.DefaultKeyboardFocusManager.dispatchEvent(Ljava/awt/AWTEvent;)Z @ 1462 c2
Event: 5271.154 Thread 0x000001a62eaac800 Uncommon trap: reason=unstable_if action=reinterpret pc=0x000001a63fdbe9f8 method=javax.swing.AbstractButton.setEnabled(Z)V @ 13 c2
Event: 5273.784 Thread 0x000001a62eaac800 Uncommon trap: reason=class_check action=maybe_recompile pc=0x000001a63fc6e794 method=javax.swing.plaf.synth.ParsedSynthStyle$DelegatingPainter.paintPanelBackground(Ljavax/swing/plaf/synth/SynthContext;Ljava/awt/Graphics;IIII)V @ 16 c2
Event: 5273.796 Thread 0x000001a62eaac800 Uncommon trap: reason=unstable_if action=reinterpret pc=0x000001a63fac756c method=ui.views.R.y.paintComponent(Ljava/awt/Graphics;)V @ 25 c2
Event: 5273.801 Thread 0x000001a62eaac800 Uncommon trap: reason=unstable_if action=reinterpret pc=0x000001a640016cbc method=com.jidesoft.grid.JideTable.isRowSelected(I)Z @ 12 c2
Event: 5273.924 Thread 0x000001a62eaac800 Uncommon trap: reason=speculate_class_check action=maybe_recompile pc=0x000001a64032da08 method=javax.swing.plaf.basic.BasicLabelUI.paint(Ljava/awt/Graphics;Ljavax/swing/JComponent;)V @ 168 c2

Classes redefined (0 events):
No events

Internal exceptions (10 events):
Event: 5263.928 Thread 0x000001a62eaac800 Implicit null exception at 0x000001a63f70ab05 to 0x000001a63f70b512
Event: 5263.940 Thread 0x000001a62eaac800 Implicit null exception at 0x000001a63f653469 to 0x000001a63f653756
Event: 5265.397 Thread 0x000001a62eaac800 Implicit null exception at 0x000001a63f8399ac to 0x000001a63f839a13
Event: 5266.876 Thread 0x000001a62eaac800 Exception <a 'java/io/FileNotFoundException'{0x000000074bbd0a38}> (0x000000074bbd0a38) thrown at [t:/workspace/open/src/hotspot/share/prims/jni.cpp, line 615]
Event: 5266.877 Thread 0x000001a62eaac800 Exception <a 'java/io/FileNotFoundException'{0x000000074bbd1258}> (0x000000074bbd1258) thrown at [t:/workspace/open/src/hotspot/share/prims/jni.cpp, line 615]
Event: 5268.871 Thread 0x000001a664818800 Exception <a 'ui/frmwork/cmd/CommandFailedException'{0x000000074b60e5b0}> (0x000000074b60e5b0) thrown at [t:/workspace/open/src/hotspot/share/prims/jni.cpp, line 615]
Event: 5271.877 Thread 0x000001a62eaac800 Exception <a 'java/io/FileNotFoundException'{0x000000074b7daaf8}> (0x000000074b7daaf8) thrown at [t:/workspace/open/src/hotspot/share/prims/jni.cpp, line 615]
Event: 5271.877 Thread 0x000001a62eaac800 Exception <a 'java/io/FileNotFoundException'{0x000000074b7db868}> (0x000000074b7db868) thrown at [t:/workspace/open/src/hotspot/share/prims/jni.cpp, line 615]
Event: 5276.882 Thread 0x000001a62eaac800 Exception <a 'java/io/FileNotFoundException'{0x000000074ae7cd00}> (0x000000074ae7cd00) thrown at [t:/workspace/open/src/hotspot/share/prims/jni.cpp, line 615]
Event: 5276.882 Thread 0x000001a62eaac800 Exception <a 'java/io/FileNotFoundException'{0x000000074ae7da70}> (0x000000074ae7da70) thrown at [t:/workspace/open/src/hotspot/share/prims/jni.cpp, line 615]

Events (10 events):
Event: 5276.445 Thread 0x000001a664818800 Thread added: 0x000001a664818800
Event: 5276.448 Thread 0x000001a664818800 Thread exited: 0x000001a664818800
Event: 5276.736 Thread 0x000001a664818800 Thread added: 0x000001a664818800
Event: 5276.739 Executing VM operation: RevokeBias
Event: 5276.740 Executing VM operation: RevokeBias done
Event: 5276.740 Thread 0x000001a664818800 Thread exited: 0x000001a664818800
Event: 5277.446 Thread 0x000001a664818800 Thread added: 0x000001a664818800
Event: 5277.449 Thread 0x000001a664818800 Thread exited: 0x000001a664818800
Event: 5278.446 Thread 0x000001a664818800 Thread added: 0x000001a664818800
Event: 5278.449 Thread 0x000001a664818800 Thread exited: 0x000001a664818800


Dynamic libraries:
0x00007ff672d60000 - 0x00007ff672d8f000 	E:\Xilinx\Vivado\2020.2\bin\unwrapped\win64.o\vivado.exe
0x00007ff83f2f0000 - 0x00007ff83f507000 	C:\WINDOWS\SYSTEM32\ntdll.dll
0x00007ff83eaa0000 - 0x00007ff83eb64000 	C:\WINDOWS\System32\KERNEL32.DLL
0x00007ff83c5d0000 - 0x00007ff83c9a1000 	C:\WINDOWS\System32\KERNELBASE.dll
0x00007ff83c430000 - 0x00007ff83c541000 	C:\WINDOWS\System32\ucrtbase.dll
0x00007ff81a890000 - 0x00007ff81a91d000 	C:\WINDOWS\SYSTEM32\MSVCP140.dll
0x00007ff81c7c0000 - 0x00007ff81c7de000 	C:\WINDOWS\SYSTEM32\VCRUNTIME140.dll
0x00007ff81c7b0000 - 0x00007ff81c7bc000 	C:\WINDOWS\SYSTEM32\VCRUNTIME140_1.dll
0x00007fff93de0000 - 0x00007fff93df8000 	E:\Xilinx\Vivado\2020.2\lib\win64.o\librdi_commonmain.dll
0x00007ff836e20000 - 0x00007ff836e33000 	E:\Xilinx\Vivado\2020.2\lib\win64.o\libboost_signals.dll
0x00007fff54180000 - 0x00007fff552f7000 	E:\Xilinx\Vivado\2020.2\lib\win64.o\librdi_common.dll
0x00007ff836e10000 - 0x00007ff836e19000 	E:\Xilinx\Vivado\2020.2\lib\win64.o\librdi_commonversion.dll
0x00007fff55bb0000 - 0x00007fff55bd2000 	E:\Xilinx\Vivado\2020.2\lib\win64.o\libboost_filesystem.dll
0x00007ff83e850000 - 0x00007ff83e901000 	C:\WINDOWS\System32\ADVAPI32.dll
0x00007ff83f0e0000 - 0x00007ff83f187000 	C:\WINDOWS\System32\msvcrt.dll
0x00007ff83eb70000 - 0x00007ff83ec17000 	C:\WINDOWS\System32\sechost.dll
0x00007ff83ce20000 - 0x00007ff83ce48000 	C:\WINDOWS\System32\bcrypt.dll
0x00007ff83d370000 - 0x00007ff83d484000 	C:\WINDOWS\System32\RPCRT4.dll
0x00007ff83d650000 - 0x00007ff83d801000 	C:\WINDOWS\System32\USER32.dll
0x00007ff83cbb0000 - 0x00007ff83cbd6000 	C:\WINDOWS\System32\win32u.dll
0x00007ff83f190000 - 0x00007ff83f1b9000 	C:\WINDOWS\System32\GDI32.dll
0x00007ff83cc60000 - 0x00007ff83cd7b000 	C:\WINDOWS\System32\gdi32full.dll
0x00007ff83cd80000 - 0x00007ff83ce1a000 	C:\WINDOWS\System32\msvcp_win.dll
0x00007ff83dd40000 - 0x00007ff83e5c8000 	C:\WINDOWS\System32\SHELL32.dll
0x00007ff83ca70000 - 0x00007ff83cbaf000 	C:\WINDOWS\System32\wintypes.dll
0x00007ff83cfe0000 - 0x00007ff83d370000 	C:\WINDOWS\System32\combase.dll
0x00007fff53fe0000 - 0x00007fff54179000 	E:\Xilinx\Vivado\2020.2\lib\win64.o\librdi_commonxillic.dll
0x00007ff83dcb0000 - 0x00007ff83dd21000 	C:\WINDOWS\System32\WS2_32.dll
0x00000000540f0000 - 0x000000005421b000 	E:\Xilinx\Vivado\2020.2\lib\win64.o\tcl85t.dll
0x00007ffff3b30000 - 0x00007ffff3b39000 	E:\Xilinx\Vivado\2020.2\lib\win64.o\libboost_system.dll
0x00007fff53c70000 - 0x00007fff53fde000 	E:\Xilinx\Vivado\2020.2\lib\win64.o\libCOIN-all.dll
0x00007fffa8140000 - 0x00007fffa8150000 	E:\Xilinx\Vivado\2020.2\lib\win64.o\libboost_date_time.dll
0x00007fff53bf0000 - 0x00007fff53c63000 	E:\Xilinx\Vivado\2020.2\lib\win64.o\libboost_program_options.dll
0x00007fff53ad0000 - 0x00007fff53be1000 	E:\Xilinx\Vivado\2020.2\lib\win64.o\libboost_regex.dll
0x00007fff55770000 - 0x00007fff5578e000 	E:\Xilinx\Vivado\2020.2\lib\win64.o\libboost_thread.dll
0x00007fff93dd0000 - 0x00007fff93ddc000 	E:\Xilinx\Vivado\2020.2\lib\win64.o\libboost_xilinx.dll
0x00007fff53a40000 - 0x00007fff53ac2000 	E:\Xilinx\Vivado\2020.2\lib\win64.o\libhdlpsolve.dll
0x00007fff53a10000 - 0x00007fff53a38000 	E:\Xilinx\Vivado\2020.2\lib\win64.o\libisl_sysinfo.dll
0x00007fff53960000 - 0x00007fff53a05000 	E:\Xilinx\Vivado\2020.2\lib\win64.o\libhdxml.dll
0x00007fff52b60000 - 0x00007fff53952600 	E:\Xilinx\Vivado\2020.2\lib\win64.o\libisl_iostreams.dll
0x00007fff52af0000 - 0x00007fff52b55000 	E:\Xilinx\Vivado\2020.2\lib\win64.o\liblmx6.0.dll
0x00007fff52ad0000 - 0x00007fff52aea000 	E:\Xilinx\Vivado\2020.2\lib\win64.o\pthreadVC2.dll
0x00007fff52ab0000 - 0x00007fff52acc000 	E:\Xilinx\Vivado\2020.2\lib\win64.o\librdiconfig.dll
0x00007ff83f080000 - 0x00007ff83f0de000 	C:\WINDOWS\System32\SHLWAPI.dll
0x00007fff52a80000 - 0x00007fff52aa1000 	E:\Xilinx\Vivado\2020.2\lib\win64.o\librdizlib.dll
0x00007ff828940000 - 0x00007ff828959000 	C:\WINDOWS\SYSTEM32\NETAPI32.dll
0x00007ff837c90000 - 0x00007ff837dbc000 	C:\WINDOWS\SYSTEM32\WINHTTP.dll
0x00007ff82a970000 - 0x00007ff82ae6e000 	C:\WINDOWS\SYSTEM32\WININET.dll
0x0000000012000000 - 0x0000000012270000 	E:\Xilinx\Vivado\2020.2\lib\win64.o\xerces-c_3_1.dll
0x00007ff828ec0000 - 0x00007ff8290b5000 	C:\WINDOWS\SYSTEM32\urlmon.dll
0x00007ffffaad0000 - 0x00007ffffaad9000 	C:\WINDOWS\SYSTEM32\WSOCK32.dll
0x00007fff52a50000 - 0x00007fff52a80000 	C:\WINDOWS\SYSTEM32\VCOMP140.DLL
0x00007fff50850000 - 0x00007fff50b2b000 	E:\Xilinx\Vivado\2020.2\lib\win64.o\libXil_lmgr11.dll
0x00007ff83ef30000 - 0x00007ff83f032000 	C:\WINDOWS\System32\COMDLG32.dll
0x00007ff83e990000 - 0x00007ff83ea9a000 	C:\WINDOWS\System32\shcore.dll
0x00007ff83ece0000 - 0x00007ff83edb7000 	C:\WINDOWS\System32\OLEAUT32.dll
0x00007ff83e620000 - 0x00007ff83e7c1000 	C:\WINDOWS\System32\ole32.dll
0x00007ff83cbe0000 - 0x00007ff83cc52000 	C:\WINDOWS\System32\WINTRUST.dll
0x00007fff50840000 - 0x00007fff5084c000 	E:\Xilinx\Vivado\2020.2\lib\win64.o\libboost_chrono.dll
0x00007fff50820000 - 0x00007fff50836000 	E:\Xilinx\Vivado\2020.2\lib\win64.o\libboost_iostreams.dll
0x00007ff83ce50000 - 0x00007ff83cfb6000 	C:\WINDOWS\System32\CRYPT32.dll
0x00007ff82e430000 - 0x00007ff82e6ef000 	C:\WINDOWS\SYSTEM32\iertutil.dll
0x00007ff82dbf0000 - 0x00007ff82dc18000 	C:\WINDOWS\SYSTEM32\srvcli.dll
0x00007ff83aef0000 - 0x00007ff83aefc000 	C:\WINDOWS\SYSTEM32\netutils.dll
0x00007ff83a390000 - 0x00007ff83ac9d000 	C:\WINDOWS\SYSTEM32\windows.storage.dll
0x00007fff507f0000 - 0x00007fff50813000 	E:\Xilinx\Vivado\2020.2\lib\win64.o\libisl_iosutils.dll
0x00007ff81c4d0000 - 0x00007ff81c583000 	C:\WINDOWS\WinSxS\amd64_microsoft.windows.common-controls_6595b64144ccf1df_5.82.22621.3527_none_b43b7f4b638cc64f\COMCTL32.dll
0x00007ff837940000 - 0x00007ff83795f000 	C:\WINDOWS\SYSTEM32\dhcpcsvc.DLL
0x00007fff50b30000 - 0x00007fff52a47000 	E:\Xilinx\Vivado\2020.2\lib\win64.o\gurobi90.dll
0x00007ff83e7e0000 - 0x00007ff83e841000 	C:\WINDOWS\System32\WLDAP32.dll
0x00007ff83dd30000 - 0x00007ff83dd38000 	C:\WINDOWS\System32\Normaliz.dll
0x00007ff83b9e0000 - 0x00007ff83ba4a000 	C:\WINDOWS\SYSTEM32\MSWSOCK.DLL
0x00007ff83f040000 - 0x00007ff83f071000 	C:\WINDOWS\System32\IMM32.DLL
0x00007ff83c0d0000 - 0x00007ff83c0e2000 	C:\WINDOWS\SYSTEM32\MSASN1.dll
0x00007ff83b4f0000 - 0x00007ff83b508000 	C:\WINDOWS\SYSTEM32\kernel.appcore.dll
0x00007fff502c0000 - 0x00007fff507e2000 	E:\Xilinx\Vivado\2020.2\lib\win64.o\librdi_commontasks.dll
0x00007ff8330f0000 - 0x00007ff8330fa000 	C:\WINDOWS\SYSTEM32\VERSION.dll
0x00007fff4ffe0000 - 0x00007fff502b5000 	E:\Xilinx\Vivado\2020.2\lib\win64.o\librdi_sio.dll
0x00007ff83af00000 - 0x00007ff83af2d000 	C:\WINDOWS\SYSTEM32\IPHLPAPI.DLL
0x00007fff4f4b0000 - 0x00007fff4ffd3000 	E:\Xilinx\Vivado\2020.2\tps\win64\jre11.0.2\bin\server\jvm.dll
0x00007ff83ec20000 - 0x00007ff83ec28000 	C:\WINDOWS\System32\PSAPI.DLL
0x00007ff82f7f0000 - 0x00007ff82f824000 	C:\WINDOWS\SYSTEM32\WINMM.dll
0x00007fff4c9f0000 - 0x00007fff4f4ae000 	E:\Xilinx\Vivado\2020.2\lib\win64.o\librdi_tcltasks.dll
0x00007fff4c970000 - 0x00007fff4c9ee000 	E:\Xilinx\Vivado\2020.2\lib\win64.o\librdi_boarddep.dll
0x00007fff4c7b0000 - 0x00007fff4c963000 	E:\Xilinx\Vivado\2020.2\lib\win64.o\librdi_board.dll
0x00007fff4c300000 - 0x00007fff4c7a6000 	E:\Xilinx\Vivado\2020.2\lib\win64.o\librdi_bitstream.dll
0x00007fff4c200000 - 0x00007fff4c2f6000 	E:\Xilinx\Vivado\2020.2\lib\win64.o\librdi_chipscope.dll
0x00007fff4c090000 - 0x00007fff4c1f1000 	E:\Xilinx\Vivado\2020.2\lib\win64.o\librdi_containers.dll
0x00007fff4bea0000 - 0x00007fff4c08a000 	E:\Xilinx\Vivado\2020.2\lib\win64.o\librdi_chipscopeimpl.dll
0x00007fff4a070000 - 0x00007fff4be9c000 	E:\Xilinx\Vivado\2020.2\lib\win64.o\librdi_constraints.dll
0x00007fff47590000 - 0x00007fff47ca8000 	E:\Xilinx\Vivado\2020.2\lib\win64.o\librdi_coregenipxact.dll
0x00007fff47cb0000 - 0x00007fff4a06d000 	E:\Xilinx\Vivado\2020.2\lib\win64.o\librdi_coregen.dll
0x00007fff45820000 - 0x00007fff47581000 	E:\Xilinx\Vivado\2020.2\lib\win64.o\librdi_designutils.dll
0x00007fff454b0000 - 0x00007fff45818000 	E:\Xilinx\Vivado\2020.2\lib\win64.o\librdi_dlyest.dll
0x00007fff2ce10000 - 0x00007fff2cec3000 	E:\Xilinx\Vivado\2020.2\lib\win64.o\librdi_dsp.dll
0x00007fff2c7b0000 - 0x00007fff2ce0d000 	E:\Xilinx\Vivado\2020.2\lib\win64.o\librdi_drc.dll
0x00007fff2bdc0000 - 0x00007fff2c0dd000 	E:\Xilinx\Vivado\2020.2\lib\win64.o\librdi_guitools.dll
0x00007fff2c0e0000 - 0x00007fff2c7a2000 	E:\Xilinx\Vivado\2020.2\lib\win64.o\librdi_filemgmt.dll
0x00007fff2bd50000 - 0x00007fff2bdbb000 	E:\Xilinx\Vivado\2020.2\lib\win64.o\librdi_hdf.dll
0x00007fff2bc00000 - 0x00007fff2bd47000 	E:\Xilinx\Vivado\2020.2\lib\win64.o\librdi_hip_perf_analysis.dll
0x00007fff2b980000 - 0x00007fff2bbf7000 	E:\Xilinx\Vivado\2020.2\lib\win64.o\librdi_hip_devdesign.dll
0x00007fff2b900000 - 0x00007fff2b972000 	E:\Xilinx\Vivado\2020.2\lib\win64.o\librdi_memoryarray.dll
0x00007fff27060000 - 0x00007fff28c34000 	E:\Xilinx\Vivado\2020.2\lib\win64.o\librdi_implflow.dll
0x00007fff2ced0000 - 0x00007fff454af000 	E:\Xilinx\Vivado\2020.2\lib\win64.o\librdi_device.dll
0x00007fff2a790000 - 0x00007fff2addc000 	E:\Xilinx\Vivado\2020.2\lib\win64.o\librdi_memdata.dll
0x00007fff2a060000 - 0x00007fff2a78c000 	E:\Xilinx\Vivado\2020.2\lib\win64.o\librdi_netlist.dll
0x00007fff2b8a0000 - 0x00007fff2b8f4000 	E:\Xilinx\Vivado\2020.2\lib\win64.o\librdi_pfi.dll
0x00007fff23b60000 - 0x00007fff25fa4000 	E:\Xilinx\Vivado\2020.2\lib\win64.o\librdi_mig.dll
0x00007fff29cc0000 - 0x00007fff2a05e000 	E:\Xilinx\Vivado\2020.2\lib\win64.o\librdi_platform.dll
0x00007fff20950000 - 0x00007fff23b57000 	E:\Xilinx\Vivado\2020.2\lib\win64.o\librdi_place.dll
0x00007fff294a0000 - 0x00007fff29cb7000 	E:\Xilinx\Vivado\2020.2\lib\win64.o\librdi_power.dll
0x00007fff26930000 - 0x00007fff27052000 	E:\Xilinx\Vivado\2020.2\lib\win64.o\librdi_psta.dll
0x00007fff26120000 - 0x00007fff2692c000 	E:\Xilinx\Vivado\2020.2\lib\win64.o\librdi_rsb.dll
0x00007fff1fda0000 - 0x00007fff202cb000 	E:\Xilinx\Vivado\2020.2\lib\win64.o\librdi_runs.dll
0x00007fff202d0000 - 0x00007fff20944000 	E:\Xilinx\Vivado\2020.2\lib\win64.o\librdi_project.dll
0x00007fff29390000 - 0x00007fff29499000 	E:\Xilinx\Vivado\2020.2\lib\win64.o\librdi_runsbase.dll
0x00007fff1fb20000 - 0x00007fff1fd94000 	E:\Xilinx\Vivado\2020.2\lib\win64.o\librdi_simdata.dll
0x00007fff1eb90000 - 0x00007fff1fb11000 	E:\Xilinx\Vivado\2020.2\lib\win64.o\librdi_timing.dll
0x00007fff1eae0000 - 0x00007fff1eb87000 	E:\Xilinx\Vivado\2020.2\lib\win64.o\librdi_xhubtasks.dll
0x00007fff1e9c0000 - 0x00007fff1ead6000 	E:\Xilinx\Vivado\2020.2\lib\win64.o\librdi_xhub.dll
0x00007fff1e7d0000 - 0x00007fff1e9bb000 	E:\Xilinx\Vivado\2020.2\lib\win64.o\librdi_advchipscopeimpl.dll
0x00007fff2b850000 - 0x00007fff2b897000 	E:\Xilinx\Vivado\2020.2\lib\win64.o\libboost_serialization.dll
0x00007fff1e6e0000 - 0x00007fff1e7cb000 	E:\Xilinx\Vivado\2020.2\lib\win64.o\librdi_ipconfig_readwrite.dll
0x00007fff29320000 - 0x00007fff2938a000 	E:\Xilinx\Vivado\2020.2\lib\win64.o\librdi_noc_frameworks.dll
0x00007fff2b800000 - 0x00007fff2b846000 	E:\Xilinx\Vivado\2020.2\lib\win64.o\libboost_graph.dll
0x00007fff1e610000 - 0x00007fff1e6d6000 	E:\Xilinx\Vivado\2020.2\lib\win64.o\librdi_bda.dll
0x00007fff1dea0000 - 0x00007fff1e607000 	E:\Xilinx\Vivado\2020.2\lib\win64.o\librdi_ippcw.dll
0x00007fff26080000 - 0x00007fff2611e000 	E:\Xilinx\Vivado\2020.2\lib\win64.o\libise.dll

dbghelp: loaded successfully - version: 4.0.5 - missing functions: none
symbol engine: initialized successfully - sym options: 0x614 - pdb path: .;E:\Xilinx\Vivado\2020.2\bin\unwrapped\win64.o;C:\WINDOWS\SYSTEM32;E:\Xilinx\Vivado\2020.2\lib\win64.o;C:\WINDOWS\WinSxS\amd64_microsoft.windows.common-controls_6595b64144ccf1df_5.82.22621.3527_none_b43b7f4b638cc64f;E:\Xilinx\Vivado\2020.2\tps\win64\jre11.0.2\bin\server;E:\Xilinx\Vivado\2020.2\tps\win64\python-3.8.3;E:\Xilinx\Vivado\2020.2\tps\win64\jre11.0.2\bin;C:\WINDOWS\WinSxS\amd64_microsoft.windows.common-controls_6595b64144ccf1df_6.0.22621.4830_none_270fe7d773858e80;D:\Program Files (x86)\SogouInput\15.5.0.2004;D:\Program Files (x86)\SogouInput\Components\IChat\1.0.2.2852;D:\Program Files (x86)\SogouInput\Components\isgpet\1.0.2.2640

VM Arguments:
jvm_args: -Dsun.java2d.pmoffscreen=false -Dhttps.protocols=TLSv1,TLSv1.1,TLSv1.2 -Dsun.java2d.xrender=false -Dsun.java2d.d3d=false -Dsun.awt.nopixfmt=true -Dsun.java2d.dpiaware=true -Dsun.java2d.uiScale.enabled=false -Xverify:none -Dswing.aatext=true -XX:-UsePerfData -Djdk.map.althashing.threshold=512 -XX:StringTableSize=4072 --add-opens=java.base/java.nio=ALL-UNNAMED --add-opens=java.desktop/sun.swing=ALL-UNNAMED --add-opens=java.desktop/javax.swing=ALL-UNNAMED --add-opens=java.desktop/javax.swing.tree=ALL-UNNAMED --add-opens=java.desktop/javax.swing.plaf.basic=ALL-UNNAMED --add-opens=java.desktop/javax.swing.plaf.synth=ALL-UNNAMED --add-opens=java.desktop/com.sun.awt=ALL-UNNAMED -XX:NewSize=60m -XX:MaxNewSize=60m -Xms128m -Xmx3072m -Xss5m 
java_command: <unknown>
java_class_path (initial): E:/Xilinx/Vivado/2020.2\lib\classes\alloy.jar;E:/Xilinx/Vivado/2020.2\lib\classes\ArchiveSummary.jar;E:/Xilinx/Vivado/2020.2\lib\classes\autoesl-models.jar;E:/Xilinx/Vivado/2020.2\lib\classes\autopilot.scelaborator.jar;E:/Xilinx/Vivado/2020.2\lib\classes\autopilot.sourceprocessor.jar;E:/Xilinx/Vivado/2020.2\lib\classes\autopilot.tbprocessor.jar;E:/Xilinx/Vivado/2020.2\lib\classes\batik-anim.jar;E:/Xilinx/Vivado/2020.2\lib\classes\batik-awt-util.jar;E:/Xilinx/Vivado/2020.2\lib\classes\batik-bridge.jar;E:/Xilinx/Vivado/2020.2\lib\classes\batik-codec.jar;E:/Xilinx/Vivado/2020.2\lib\classes\batik-css.jar;E:/Xilinx/Vivado/2020.2\lib\classes\batik-dom.jar;E:/Xilinx/Vivado/2020.2\lib\classes\batik-ext.jar;E:/Xilinx/Vivado/2020.2\lib\classes\batik-gui-util.jar;E:/Xilinx/Vivado/2020.2\lib\classes\batik-gvt.jar;E:/Xilinx/Vivado/2020.2\lib\classes\batik-parser.jar;E:/Xilinx/Vivado/2020.2\lib\classes\batik-script.jar;E:/Xilinx/Vivado/2020.2\lib\classes\batik-svg-dom.jar;E:/Xilinx/Vivado/2020.2\lib\classes\batik-swing.jar;E:/Xilinx/Vivado/2020.2\lib\classes\batik-transcoder.jar;E:/Xilinx/Vivado/2020.2\lib\classes\batik-util.jar;E:/Xilinx/Vivado/2020.2\lib\classes\batik-xml.jar;E:/Xilinx/Vivado/2020.2\lib\classes\com.google.gson_2.8.2.v20180104-1110.jar;E:/Xilinx/Vivado/2020.2\lib\classes\com.google.guava_27.1.0.v20190517-1946.jar;E:/Xilinx/Vivado/2020.2\lib\classes\com.ibm.icu_4.4.2.v20110208.jar;E:/Xilinx/Vivado/2020.2\lib\classes\com.sigasi.hdt.connection_4.9.0.202009050929.jar;E:/Xilinx/Vivado/2020.2\lib\classes\com.sigasi.hdt.epl_4.9.0.202009050929.jar;E:/Xilinx/Vivado/2020.2\lib\classes\com.sigasi.hdt.project_4.9.0.202009050929.jar;E:/Xilinx/Vivado/2020.2\lib\classes\com.sigasi.hdt.readonlyfilesystem_4.9.0.202009050929.jar;E:/Xilinx/Vivado/2020.2\lib\classes\com.sigasi.lcm_4.9.0.202009050929.jar;E:/Xilinx/Vivado/2020.2\lib\classes\com.sigasi.sdk.client_4.9.0.202009050929.jar;E:/Xilinx/Vivado/2020.2\lib\classes\com.xilinx.hls.services.jar;E:/Xili
Launcher Type: generic

[Global flags]
     bool BytecodeVerificationLocal                = false                                     {product} {command line}
     bool BytecodeVerificationRemote               = false                                     {product} {command line}
     intx CICompilerCount                          = 12                                        {product} {ergonomic}
     uint ConcGCThreads                            = 3                                         {product} {ergonomic}
     uint G1ConcRefinementThreads                  = 13                                        {product} {ergonomic}
   size_t G1HeapRegionSize                         = 1048576                                   {product} {ergonomic}
    uintx GCDrainStackTargetSize                   = 64                                        {product} {ergonomic}
   size_t InitialHeapSize                          = 134217728                                 {product} {command line}
   size_t MarkStackSize                            = 4194304                                   {product} {ergonomic}
   size_t MaxHeapSize                              = 3221225472                                {product} {command line}
   size_t MaxNewSize                               = 62914560                                  {product} {command line}
   size_t MinHeapDeltaBytes                        = 1048576                                   {product} {ergonomic}
   size_t NewSize                                  = 62914560                                  {product} {command line}
    uintx NonNMethodCodeHeapSize                   = 7591728                                {pd product} {ergonomic}
    uintx NonProfiledCodeHeapSize                  = 122033256                              {pd product} {ergonomic}
    uintx ProfiledCodeHeapSize                     = 122033256                              {pd product} {ergonomic}
    uintx ReservedCodeCacheSize                    = 251658240                              {pd product} {ergonomic}
     bool SegmentedCodeCache                       = true                                      {product} {ergonomic}
    uintx StringTableSize                          = 4072                                      {product} {command line}
     intx ThreadStackSize                          = 5120                                   {pd product} {command line}
     bool UseCompressedClassPointers               = true                                 {lp64_product} {ergonomic}
     bool UseCompressedOops                        = true                                 {lp64_product} {ergonomic}
     bool UseG1GC                                  = true                                      {product} {ergonomic}
     bool UseLargePagesIndividualAllocation        = false                                  {pd product} {ergonomic}
     bool UsePerfData                              = false                                     {product} {command line}

Logging:
Log output configuration:
 #0: stdout all=warning uptime,level,tags
 #1: stderr all=off uptime,level,tags

Environment Variables:
PATH=E:/Xilinx/Vivado/2020.2\gnuwin\bin;E:/Xilinx/Vivado/2020.2\gnu\microblaze\nt\bin;E:/Xilinx/Vivado/2020.2/bin;E:/Xilinx/Vivado/2020.2/tps/win64/javafx-sdk-11.0.2/lib;E:/Xilinx/Vivado/2020.2/tps/win64/javafx-sdk-11.0.2/bin;E:/Xilinx/Vivado/2020.2/lib/win64.o;E:/Xilinx/Vivado/2020.2/tps/win64/jre11.0.2/bin/server;E:/Xilinx/Vivado/2020.2/tps/win64/jre11.0.2/bin;E:/Xilinx/Vitis/2020.2/bin;E:/Xilinx/Vivado/2020.2/ids_lite/ISE/bin/nt64;E:/Xilinx/Vivado/2020.2/ids_lite/ISE/lib/nt64;E:/Xilinx/Vitis_HLS/2020.2/bin;C:\Program Files\NVIDIA GPU Computing Toolkit\CUDA\v12.3\bin;C:\Program Files\NVIDIA GPU Computing Toolkit\CUDA\v12.3\libnvvp;C:\WINDOWS\system32;C:\WINDOWS;C:\WINDOWS\System32\Wbem;C:\WINDOWS\System32\WindowsPowerShell\v1.0\;C:\WINDOWS\System32\OpenSSH\;C:\Program Files\dotnet\;C:\Program Files\Bandizip\;D:\ProgramData\anaconda3;D:\ProgramData\anaconda3\Library\bin;D:\ProgramData\anaconda3\Library\mingw-w64;D:\ProgramData\anaconda3\Scripts;C:\Program Files\NVIDIA Corporation\NVIDIA NvDLISR;D:\Program Files\MATLAB\R2024a\runtime\win64;D:\Program Files\MATLAB\R2024a\bin;D:\Program Files (x86)\Microsoft SQL Server\100\Tools\Binn\;D:\Program Files\Microsoft SQL Server\100\Tools\Binn\;D:\Program Files\Microsoft SQL Server\100\DTS\Binn\;D:\Program Files (x86)\Microsoft SQL Server\100\Tools\Binn\VSShell\Common7\IDE\;C:\Program Files (x86)\Microsoft Visual Studio 9.0\Common7\IDE\PrivateAssemblies\;D:\Program Files (x86)\Microsoft SQL Server\100\DTS\Binn\;D:\Program Files\Git\cmd;D:\Program Files\CMake\bin;D:\Windows Kits\10\Windows Performance Toolkit\;C:\Users\97893\AppData\Local\Microsoft\WindowsApps;;D:\Program Files\JetBrains\PyCharm 2024.1\bin;C:\Users\97893\.dotnet\tools;D:\Program Files\texlive\2024\bin\windows;E:/Xilinx/Vivado/2020.2\tps\mingw\6.2.0\win64.o\nt\bin;E:/Xilinx/Vivado/2020.2\tps\mingw\6.2.0\win64.o\nt\libexec\gcc\x86_64-w64-mingw32\6.2.0;E:/Xilinx/Vivado/2020.2\tps\win64\python-3.8.3;E:/Xilinx/Vivado/2020.2\tps\win64\python-3.8.3\bin;E:/Xilinx/Vivado
USERNAME=97893
OS=Windows_NT
PROCESSOR_IDENTIFIER=AMD64 Family 25 Model 80 Stepping 0, AuthenticAMD



---------------  S Y S T E M  ---------------

OS: Windows 10 , 64 bit Build 22621 (10.0.22621.4974)

CPU:total 16 (initial active 16) (16 cores per cpu, 2 threads per core) family 25 model 80 stepping 0, cmov, cx8, fxsr, mmx, sse, sse2, sse3, ssse3, sse4.1, sse4.2, popcnt, avx, avx2, aes, clmul, erms, mmxext, 3dnowpref, lzcnt, sse4a, ht, tsc, tscinvbit, tscinv, bmi1, bmi2, adx, sha, fma

Memory: 4k page, system-wide physical 16236M (4711M free)
TotalPageFile size 28676M (AvailPageFile size 13872M)
current process WorkingSet (physical memory assigned to process): 1158M, peak: 1161M
current process commit charge ("private bytes"): 1165M, peak: 1191M

vm_info: OpenJDK 64-Bit Server VM (11.0.2+9) for windows-amd64 JRE (11.0.2+9), built on Jan 18 2019 05:23:22 by "mach5one" with MS VC++ 15.5 (VS2017)

END.
