#-----------------------------------------------------------
# Vivado v2020.2 (64-bit)
# SW Build 3064766 on Wed Nov 18 09:12:45 MST 2020
# IP Build 3064653 on Wed Nov 18 14:17:31 MST 2020
# Start of session at: Thu Sep  4 20:41:00 2025
# Process ID: 34960
# Current directory: E:/Git/task/DVBS2X_256APSK
# Command line: vivado.exe -gui_launcher_event rodinguilauncherevent31472 E:\Git\task\DVBS2X_256APSK\DVBS2X_256APSK_1.xpr
# Log file: E:/Git/task/DVBS2X_256APSK/vivado.log
# Journal file: E:/Git/task/DVBS2X_256APSK\vivado.jou
#-----------------------------------------------------------
start_gui
open_project E:/Git/task/DVBS2X_256APSK/DVBS2X_256APSK_1.xpr
INFO: [Project 1-313] Project file moved from 'E:/2025.7_learning/DVBS2X_256APSK_1' since last save.
WARNING: [filemgmt 56-2] Default IP Output Path : Could not find the directory 'E:/Git/task/DVBS2X_256APSK/DVBS2X_256APSK_1.gen/sources_1', nor could it be found using path 'E:/2025.7_learning/DVBS2X_256APSK_1/DVBS2X_256APSK_1.gen/sources_1'.
Scanning sources...
Finished scanning sources
INFO: [IP_Flow 19-234] Refreshing IP repositories
INFO: [IP_Flow 19-1704] No user IP repositories specified
INFO: [IP_Flow 19-2313] Loaded Vivado IP repository 'E:/Xilinx/Vivado/2020.2/data/ip'.
update_compile_order -fileset sources_1
exit
INFO: [Common 17-206] Exiting Vivado at Thu Sep  4 23:03:41 2025...
