#-----------------------------------------------------------
# Vivado v2020.2 (64-bit)
# SW Build 3064766 on Wed Nov 18 09:12:45 MST 2020
# IP Build 3064653 on Wed Nov 18 14:17:31 MST 2020
# Start of session at: Mon Jul 14 08:50:22 2025
# Process ID: 35544
# Current directory: E:/2025.7_learning/DVBS2X_256APSK_1
# Command line: vivado.exe -gui_launcher_event rodinguilauncherevent9612 E:\2025.7_learning\DVBS2X_256APSK_1\DVBS2X_256APSK_1.xpr
# Log file: E:/2025.7_learning/DVBS2X_256APSK_1/vivado.log
# Journal file: E:/2025.7_learning/DVBS2X_256APSK_1\vivado.jou
#-----------------------------------------------------------
start_gui
open_project E:/2025.7_learning/DVBS2X_256APSK_1/DVBS2X_256APSK_1.xpr
WARNING: [filemgmt 56-3] Default IP Output Path : Could not find the directory 'E:/2025.7_learning/DVBS2X_256APSK_1/DVBS2X_256APSK_1.gen/sources_1'.
Scanning sources...
Finished scanning sources
INFO: [IP_Flow 19-234] Refreshing IP repositories
INFO: [IP_Flow 19-1704] No user IP repositories specified
INFO: [IP_Flow 19-2313] Loaded Vivado IP repository 'E:/Xilinx/Vivado/2020.2/data/ip'.
open_project: Time (s): cpu = 00:00:03 ; elapsed = 00:00:05 . Memory (MB): peak = 1138.461 ; gain = 0.000
update_compile_order -fileset sources_1
launch_simulation
Command: launch_simulation 
INFO: [Vivado 12-5682] Launching behavioral simulation in 'E:/2025.7_learning/DVBS2X_256APSK_1/DVBS2X_256APSK_1.sim/sim_1/behav/xsim'
INFO: [SIM-utils-51] Simulation object is 'sim_1'
INFO: [SIM-utils-54] Inspecting design source files for 'tb_dvb_s2x_256apsk_decoder' in fileset 'sim_1'...
INFO: [USF-XSim-97] Finding global include files...
INFO: [USF-XSim-98] Fetching design files from 'sim_1'...
INFO: [USF-XSim-2] XSim::Compile design
INFO: [USF-XSim-61] Executing 'COMPILE and ANALYZE' step in 'E:/2025.7_learning/DVBS2X_256APSK_1/DVBS2X_256APSK_1.sim/sim_1/behav/xsim'
"xvhdl --incr --relax -prj tb_dvb_s2x_256apsk_decoder_vhdl.prj"
INFO: [VRFC 10-163] Analyzing VHDL file "E:/2025.7_learning/DVBS2X_256APSK_1/DVBS2X_256APSK_1.srcs/sources_1/new/dvb_s2x_256apsk_decoder.vhd" into library xil_defaultlib
INFO: [VRFC 10-3107] analyzing entity 'dvb_s2x_256apsk_decoder'
INFO: [VRFC 10-163] Analyzing VHDL file "E:/2025.7_learning/DVBS2X_256APSK_1/DVBS2X_256APSK_1.srcs/sim_1/new/tb_dvb_s2x_256apsk_decoder.vhd" into library xil_defaultlib
INFO: [VRFC 10-3107] analyzing entity 'tb_dvb_s2x_256apsk_decoder'
INFO: [USF-XSim-69] 'compile' step finished in '2' seconds
INFO: [USF-XSim-3] XSim::Elaborate design
INFO: [USF-XSim-61] Executing 'ELABORATE' step in 'E:/2025.7_learning/DVBS2X_256APSK_1/DVBS2X_256APSK_1.sim/sim_1/behav/xsim'
"xelab -wto ba4bd07b7daa44108d225472a7c42449 --incr --debug typical --relax --mt 2 -L xil_defaultlib -L secureip --snapshot tb_dvb_s2x_256apsk_decoder_behav xil_defaultlib.tb_dvb_s2x_256apsk_decoder -log elaborate.log"
Vivado Simulator 2020.2
Copyright 1986-1999, 2001-2020 Xilinx, Inc. All Rights Reserved.
Running: E:/Xilinx/Vivado/2020.2/bin/unwrapped/win64.o/xelab.exe -wto ba4bd07b7daa44108d225472a7c42449 --incr --debug typical --relax --mt 2 -L xil_defaultlib -L secureip --snapshot tb_dvb_s2x_256apsk_decoder_behav xil_defaultlib.tb_dvb_s2x_256apsk_decoder -log elaborate.log 
Using 2 slave threads.
Starting static elaboration
WARNING: [VRFC 10-1537] value 2147483648 is out of target constraint range 0 to 2147483647 [E:/2025.7_learning/DVBS2X_256APSK_1/DVBS2X_256APSK_1.srcs/sources_1/new/dvb_s2x_256apsk_decoder.vhd:228]
Completed static elaboration
Starting simulation data flow analysis
Completed simulation data flow analysis
Time Resolution for simulation is 1ps
Compiling package std.standard
Compiling package std.textio
Compiling package ieee.std_logic_1164
Compiling package ieee.numeric_std
Compiling package ieee.math_real
Compiling architecture behavioral of entity xil_defaultlib.dvb_s2x_256apsk_decoder [dvb_s2x_256apsk_decoder_default]
ERROR: [VRFC 10-1537] value 2147483648 is out of target constraint range 0 to 2147483647 [E:/2025.7_learning/DVBS2X_256APSK_1/DVBS2X_256APSK_1.srcs/sources_1/new/dvb_s2x_256apsk_decoder.vhd:228]
Compiling architecture behavioral of entity xil_defaultlib.tb_dvb_s2x_256apsk_decoder
Built simulation snapshot tb_dvb_s2x_256apsk_decoder_behav

****** Webtalk v2020.2 (64-bit)
  **** SW Build 3064766 on Wed Nov 18 09:12:45 MST 2020
  **** IP Build 3064653 on Wed Nov 18 14:17:31 MST 2020
    ** Copyright 1986-2020 Xilinx, Inc. All Rights Reserved.

source E:/2025.7_learning/DVBS2X_256APSK_1/DVBS2X_256APSK_1.sim/sim_1/behav/xsim/xsim.dir/tb_dvb_s2x_256apsk_decoder_behav/webtalk/xsim_webtalk.tcl -notrace
INFO: [Common 17-206] Exiting Webtalk at Mon Jul 14 14:18:36 2025...
run_program: Time (s): cpu = 00:00:01 ; elapsed = 00:00:12 . Memory (MB): peak = 1138.461 ; gain = 0.000
INFO: [USF-XSim-69] 'elaborate' step finished in '12' seconds
INFO: [USF-XSim-99] Step results log file:'E:/2025.7_learning/DVBS2X_256APSK_1/DVBS2X_256APSK_1.sim/sim_1/behav/xsim/elaborate.log'
ERROR: [USF-XSim-62] 'elaborate' step failed with error(s). Please check the Tcl console output or 'E:/2025.7_learning/DVBS2X_256APSK_1/DVBS2X_256APSK_1.sim/sim_1/behav/xsim/elaborate.log' file for more information.
ERROR: [Vivado 12-4473] Detected error while running simulation. Please correct the issue and retry this operation.
launch_simulation: Time (s): cpu = 00:00:01 ; elapsed = 00:00:15 . Memory (MB): peak = 1138.461 ; gain = 0.000
ERROR: [Common 17-39] 'launch_simulation' failed due to earlier errors.
launch_simulation
Command: launch_simulation 
INFO: [Vivado 12-5682] Launching behavioral simulation in 'E:/2025.7_learning/DVBS2X_256APSK_1/DVBS2X_256APSK_1.sim/sim_1/behav/xsim'
INFO: [SIM-utils-51] Simulation object is 'sim_1'
INFO: [SIM-utils-54] Inspecting design source files for 'tb_dvb_s2x_256apsk_decoder' in fileset 'sim_1'...
INFO: [USF-XSim-97] Finding global include files...
INFO: [USF-XSim-98] Fetching design files from 'sim_1'...
INFO: [USF-XSim-2] XSim::Compile design
INFO: [USF-XSim-61] Executing 'COMPILE and ANALYZE' step in 'E:/2025.7_learning/DVBS2X_256APSK_1/DVBS2X_256APSK_1.sim/sim_1/behav/xsim'
"xvhdl --incr --relax -prj tb_dvb_s2x_256apsk_decoder_vhdl.prj"
INFO: [USF-XSim-69] 'compile' step finished in '1' seconds
INFO: [USF-XSim-3] XSim::Elaborate design
INFO: [USF-XSim-61] Executing 'ELABORATE' step in 'E:/2025.7_learning/DVBS2X_256APSK_1/DVBS2X_256APSK_1.sim/sim_1/behav/xsim'
"xelab -wto ba4bd07b7daa44108d225472a7c42449 --incr --debug typical --relax --mt 2 -L xil_defaultlib -L secureip --snapshot tb_dvb_s2x_256apsk_decoder_behav xil_defaultlib.tb_dvb_s2x_256apsk_decoder -log elaborate.log"
Vivado Simulator 2020.2
Copyright 1986-1999, 2001-2020 Xilinx, Inc. All Rights Reserved.
Running: E:/Xilinx/Vivado/2020.2/bin/unwrapped/win64.o/xelab.exe -wto ba4bd07b7daa44108d225472a7c42449 --incr --debug typical --relax --mt 2 -L xil_defaultlib -L secureip --snapshot tb_dvb_s2x_256apsk_decoder_behav xil_defaultlib.tb_dvb_s2x_256apsk_decoder -log elaborate.log 
Using 2 slave threads.
Starting static elaboration
WARNING: [VRFC 10-1537] value 2147483648 is out of target constraint range 0 to 2147483647 [E:/2025.7_learning/DVBS2X_256APSK_1/DVBS2X_256APSK_1.srcs/sources_1/new/dvb_s2x_256apsk_decoder.vhd:228]
Completed static elaboration
INFO: [XSIM 43-4323] No Change in HDL. Linking previously generated obj files to create kernel
INFO: [USF-XSim-69] 'elaborate' step finished in '2' seconds
INFO: [USF-XSim-4] XSim::Simulate design
INFO: [USF-XSim-61] Executing 'SIMULATE' step in 'E:/2025.7_learning/DVBS2X_256APSK_1/DVBS2X_256APSK_1.sim/sim_1/behav/xsim'
INFO: [USF-XSim-98] *** Running xsim
   with args "tb_dvb_s2x_256apsk_decoder_behav -key {Behavioral:sim_1:Functional:tb_dvb_s2x_256apsk_decoder} -tclbatch {tb_dvb_s2x_256apsk_decoder.tcl} -log {simulate.log}"
INFO: [USF-XSim-8] Loading simulator feature
Vivado Simulator 2020.2
Time resolution is 1 ps
source tb_dvb_s2x_256apsk_decoder.tcl
# set curr_wave [current_wave_config]
# if { [string length $curr_wave] == 0 } {
#   if { [llength [get_objects]] > 0} {
#     add_wave /
#     set_property needs_save false [current_wave_config]
#   } else {
#      send_msg_id Add_Wave-1 WARNING "No top level signals found. Simulator will start without a wave window. If you want to open a wave window go to 'File->New Waveform Configuration' or type 'create_wave_config' in the TCL console."
#   }
# }
# run 1000ns
Note: ========================================
Time: 0 ps  Iteration: 0  Process: /tb_dvb_s2x_256apsk_decoder/stim_process  File: E:/2025.7_learning/DVBS2X_256APSK_1/DVBS2X_256APSK_1.srcs/sim_1/new/tb_dvb_s2x_256apsk_decoder.vhd
Note: DVB-S2X 256APSK 硬判决模块仿真开始
Time: 0 ps  Iteration: 0  Process: /tb_dvb_s2x_256apsk_decoder/stim_process  File: E:/2025.7_learning/DVBS2X_256APSK_1/DVBS2X_256APSK_1.srcs/sim_1/new/tb_dvb_s2x_256apsk_decoder.vhd
Note: 时钟频率: 200MHz (周期: 5ns)
Time: 0 ps  Iteration: 0  Process: /tb_dvb_s2x_256apsk_decoder/stim_process  File: E:/2025.7_learning/DVBS2X_256APSK_1/DVBS2X_256APSK_1.srcs/sim_1/new/tb_dvb_s2x_256apsk_decoder.vhd
Note: 测试向量数量: 18
Time: 0 ps  Iteration: 0  Process: /tb_dvb_s2x_256apsk_decoder/stim_process  File: E:/2025.7_learning/DVBS2X_256APSK_1/DVBS2X_256APSK_1.srcs/sim_1/new/tb_dvb_s2x_256apsk_decoder.vhd
Note: ========================================
Time: 0 ps  Iteration: 0  Process: /tb_dvb_s2x_256apsk_decoder/stim_process  File: E:/2025.7_learning/DVBS2X_256APSK_1/DVBS2X_256APSK_1.srcs/sim_1/new/tb_dvb_s2x_256apsk_decoder.vhd
Note: 测试 1: Inner ring 0 deg   Note:   输入: I=16384, Q=0, 期望环=0
Time: 75 ns  Iteration: 0  Process: /tb_dvb_s2x_256apsk_decoder/stim_process  File: E:/2025.7_learning/DVBS2X_256APSK_1/DVBS2X_256APSK_1.srcs/sim_1/new/tb_dvb_s2x_256apsk_decoder.vhd
Note: 输出监控: 时间=97500 ps, I=16384, Q=0, 符号=0
Time: 97500 ps  Iteration: 1  Process: /tb_dvb_s2x_256apsk_decoder/output_monitor  File: E:/2025.7_learning/DVBS2X_256APSK_1/DVBS2X_256APSK_1.srcs/sim_1/new/tb_dvb_s2x_256apsk_decoder.vhd
Error:   错误: 输出无效信号未激活!
Time: 105 ns  Iteration: 0  Process: /tb_dvb_s2x_256apsk_decoder/stim_process  File: E:/2025.7_learning/DVBS2X_256APSK_1/DVBS2X_256APSK_1.srcs/sim_1/new/tb_dvb_s2x_256apsk_decoder.vhd
Note: 测试 2: Inner ring 45 deg  Note:   输入: I=11585, Q=11585, 期望环=0
Time: 120 ns  Iteration: 0  Process: /tb_dvb_s2x_256apsk_decoder/stim_process  File: E:/2025.7_learning/DVBS2X_256APSK_1/DVBS2X_256APSK_1.srcs/sim_1/new/tb_dvb_s2x_256apsk_decoder.vhd
Note: 输出监控: 时间=142500 ps, I=11585, Q=11585, 符号=4
Time: 142500 ps  Iteration: 1  Process: /tb_dvb_s2x_256apsk_decoder/output_monitor  File: E:/2025.7_learning/DVBS2X_256APSK_1/DVBS2X_256APSK_1.srcs/sim_1/new/tb_dvb_s2x_256apsk_decoder.vhd
Error:   错误: 输出无效信号未激活!
Time: 150 ns  Iteration: 0  Process: /tb_dvb_s2x_256apsk_decoder/stim_process  File: E:/2025.7_learning/DVBS2X_256APSK_1/DVBS2X_256APSK_1.srcs/sim_1/new/tb_dvb_s2x_256apsk_decoder.vhd
Note: 测试 3: Inner ring 90 deg  Note:   输入: I=0, Q=16384, 期望环=0
Time: 165 ns  Iteration: 0  Process: /tb_dvb_s2x_256apsk_decoder/stim_process  File: E:/2025.7_learning/DVBS2X_256APSK_1/DVBS2X_256APSK_1.srcs/sim_1/new/tb_dvb_s2x_256apsk_decoder.vhd
Note: 输出监控: 时间=187500 ps, I=0, Q=16384, 符号=8
Time: 187500 ps  Iteration: 1  Process: /tb_dvb_s2x_256apsk_decoder/output_monitor  File: E:/2025.7_learning/DVBS2X_256APSK_1/DVBS2X_256APSK_1.srcs/sim_1/new/tb_dvb_s2x_256apsk_decoder.vhd
Error:   错误: 输出无效信号未激活!
Time: 195 ns  Iteration: 0  Process: /tb_dvb_s2x_256apsk_decoder/stim_process  File: E:/2025.7_learning/DVBS2X_256APSK_1/DVBS2X_256APSK_1.srcs/sim_1/new/tb_dvb_s2x_256apsk_decoder.vhd
Note: 测试 4: Inner ring 135 deg Note:   输入: I=-11585, Q=11585, 期望环=0
Time: 210 ns  Iteration: 0  Process: /tb_dvb_s2x_256apsk_decoder/stim_process  File: E:/2025.7_learning/DVBS2X_256APSK_1/DVBS2X_256APSK_1.srcs/sim_1/new/tb_dvb_s2x_256apsk_decoder.vhd
Note: 输出监控: 时间=232500 ps, I=-11585, Q=11585, 符号=12
Time: 232500 ps  Iteration: 1  Process: /tb_dvb_s2x_256apsk_decoder/output_monitor  File: E:/2025.7_learning/DVBS2X_256APSK_1/DVBS2X_256APSK_1.srcs/sim_1/new/tb_dvb_s2x_256apsk_decoder.vhd
Error:   错误: 输出无效信号未激活!
Time: 240 ns  Iteration: 0  Process: /tb_dvb_s2x_256apsk_decoder/stim_process  File: E:/2025.7_learning/DVBS2X_256APSK_1/DVBS2X_256APSK_1.srcs/sim_1/new/tb_dvb_s2x_256apsk_decoder.vhd
Note: 测试 5: Inner ring 180 deg Note:   输入: I=-16384, Q=0, 期望环=0
Time: 255 ns  Iteration: 0  Process: /tb_dvb_s2x_256apsk_decoder/stim_process  File: E:/2025.7_learning/DVBS2X_256APSK_1/DVBS2X_256APSK_1.srcs/sim_1/new/tb_dvb_s2x_256apsk_decoder.vhd
Note: 输出监控: 时间=277500 ps, I=-16384, Q=0, 符号=16
Time: 277500 ps  Iteration: 1  Process: /tb_dvb_s2x_256apsk_decoder/output_monitor  File: E:/2025.7_learning/DVBS2X_256APSK_1/DVBS2X_256APSK_1.srcs/sim_1/new/tb_dvb_s2x_256apsk_decoder.vhd
Error:   错误: 输出无效信号未激活!
Time: 285 ns  Iteration: 0  Process: /tb_dvb_s2x_256apsk_decoder/stim_process  File: E:/2025.7_learning/DVBS2X_256APSK_1/DVBS2X_256APSK_1.srcs/sim_1/new/tb_dvb_s2x_256apsk_decoder.vhd
Note: 测试 6: Mid ring 0 deg     Note:   输入: I=32768, Q=0, 期望环=1
Time: 300 ns  Iteration: 0  Process: /tb_dvb_s2x_256apsk_decoder/stim_process  File: E:/2025.7_learning/DVBS2X_256APSK_1/DVBS2X_256APSK_1.srcs/sim_1/new/tb_dvb_s2x_256apsk_decoder.vhd
Note: 输出监控: 时间=322500 ps, I=-16384, Q=0, 符号=16
Time: 322500 ps  Iteration: 1  Process: /tb_dvb_s2x_256apsk_decoder/output_monitor  File: E:/2025.7_learning/DVBS2X_256APSK_1/DVBS2X_256APSK_1.srcs/sim_1/new/tb_dvb_s2x_256apsk_decoder.vhd
Error:   错误: 输出无效信号未激活!
Time: 330 ns  Iteration: 0  Process: /tb_dvb_s2x_256apsk_decoder/stim_process  File: E:/2025.7_learning/DVBS2X_256APSK_1/DVBS2X_256APSK_1.srcs/sim_1/new/tb_dvb_s2x_256apsk_decoder.vhd
Note: 测试 7: Mid ring 45 deg    Note:   输入: I=23170, Q=23170, 期望环=1
Time: 345 ns  Iteration: 0  Process: /tb_dvb_s2x_256apsk_decoder/stim_process  File: E:/2025.7_learning/DVBS2X_256APSK_1/DVBS2X_256APSK_1.srcs/sim_1/new/tb_dvb_s2x_256apsk_decoder.vhd
Note: 输出监控: 时间=367500 ps, I=23170, Q=23170, 符号=12
Time: 367500 ps  Iteration: 1  Process: /tb_dvb_s2x_256apsk_decoder/output_monitor  File: E:/2025.7_learning/DVBS2X_256APSK_1/DVBS2X_256APSK_1.srcs/sim_1/new/tb_dvb_s2x_256apsk_decoder.vhd
Error:   错误: 输出无效信号未激活!
Time: 375 ns  Iteration: 0  Process: /tb_dvb_s2x_256apsk_decoder/stim_process  File: E:/2025.7_learning/DVBS2X_256APSK_1/DVBS2X_256APSK_1.srcs/sim_1/new/tb_dvb_s2x_256apsk_decoder.vhd
Note: 测试 8: Mid ring 90 deg    Note:   输入: I=0, Q=32768, 期望环=1
Time: 390 ns  Iteration: 0  Process: /tb_dvb_s2x_256apsk_decoder/stim_process  File: E:/2025.7_learning/DVBS2X_256APSK_1/DVBS2X_256APSK_1.srcs/sim_1/new/tb_dvb_s2x_256apsk_decoder.vhd
Note: 输出监控: 时间=412500 ps, I=0, Q=-32768, 符号=72
Time: 412500 ps  Iteration: 1  Process: /tb_dvb_s2x_256apsk_decoder/output_monitor  File: E:/2025.7_learning/DVBS2X_256APSK_1/DVBS2X_256APSK_1.srcs/sim_1/new/tb_dvb_s2x_256apsk_decoder.vhd
Error:   错误: 输出无效信号未激活!
Time: 420 ns  Iteration: 0  Process: /tb_dvb_s2x_256apsk_decoder/stim_process  File: E:/2025.7_learning/DVBS2X_256APSK_1/DVBS2X_256APSK_1.srcs/sim_1/new/tb_dvb_s2x_256apsk_decoder.vhd
Note: 测试 9: Mid ring 135 deg   Note:   输入: I=-23170, Q=23170, 期望环=1
Time: 435 ns  Iteration: 0  Process: /tb_dvb_s2x_256apsk_decoder/stim_process  File: E:/2025.7_learning/DVBS2X_256APSK_1/DVBS2X_256APSK_1.srcs/sim_1/new/tb_dvb_s2x_256apsk_decoder.vhd
Note: 输出监控: 时间=457500 ps, I=-23170, Q=23170, 符号=36
Time: 457500 ps  Iteration: 1  Process: /tb_dvb_s2x_256apsk_decoder/output_monitor  File: E:/2025.7_learning/DVBS2X_256APSK_1/DVBS2X_256APSK_1.srcs/sim_1/new/tb_dvb_s2x_256apsk_decoder.vhd
Error:   错误: 输出无效信号未激活!
Time: 465 ns  Iteration: 0  Process: /tb_dvb_s2x_256apsk_decoder/stim_process  File: E:/2025.7_learning/DVBS2X_256APSK_1/DVBS2X_256APSK_1.srcs/sim_1/new/tb_dvb_s2x_256apsk_decoder.vhd
Note: 测试 10: Mid ring 180 deg   Note:   输入: I=-32768, Q=0, 期望环=1
Time: 480 ns  Iteration: 0  Process: /tb_dvb_s2x_256apsk_decoder/stim_process  File: E:/2025.7_learning/DVBS2X_256APSK_1/DVBS2X_256APSK_1.srcs/sim_1/new/tb_dvb_s2x_256apsk_decoder.vhd
Note: 输出监控: 时间=502500 ps, I=-32768, Q=0, 符号=48
Time: 502500 ps  Iteration: 1  Process: /tb_dvb_s2x_256apsk_decoder/output_monitor  File: E:/2025.7_learning/DVBS2X_256APSK_1/DVBS2X_256APSK_1.srcs/sim_1/new/tb_dvb_s2x_256apsk_decoder.vhd
Error:   错误: 输出无效信号未激活!
Time: 510 ns  Iteration: 0  Process: /tb_dvb_s2x_256apsk_decoder/stim_process  File: E:/2025.7_learning/DVBS2X_256APSK_1/DVBS2X_256APSK_1.srcs/sim_1/new/tb_dvb_s2x_256apsk_decoder.vhd
Note: 测试 11: Outer ring 0 deg   Note:   输入: I=49152, Q=0, 期望环=2
Time: 525 ns  Iteration: 0  Process: /tb_dvb_s2x_256apsk_decoder/stim_process  File: E:/2025.7_learning/DVBS2X_256APSK_1/DVBS2X_256APSK_1.srcs/sim_1/new/tb_dvb_s2x_256apsk_decoder.vhd
Note: 输出监控: 时间=547500 ps, I=-32768, Q=0, 符号=48
Time: 547500 ps  Iteration: 1  Process: /tb_dvb_s2x_256apsk_decoder/output_monitor  File: E:/2025.7_learning/DVBS2X_256APSK_1/DVBS2X_256APSK_1.srcs/sim_1/new/tb_dvb_s2x_256apsk_decoder.vhd
Error:   错误: 输出无效信号未激活!
Time: 555 ns  Iteration: 0  Process: /tb_dvb_s2x_256apsk_decoder/stim_process  File: E:/2025.7_learning/DVBS2X_256APSK_1/DVBS2X_256APSK_1.srcs/sim_1/new/tb_dvb_s2x_256apsk_decoder.vhd
Note: 测试 12: Outer ring 45 deg  Note:   输入: I=34755, Q=34755, 期望环=2
Time: 570 ns  Iteration: 0  Process: /tb_dvb_s2x_256apsk_decoder/stim_process  File: E:/2025.7_learning/DVBS2X_256APSK_1/DVBS2X_256APSK_1.srcs/sim_1/new/tb_dvb_s2x_256apsk_decoder.vhd
Note: 输出监控: 时间=592500 ps, I=-11585, Q=-11585, 符号=20
Time: 592500 ps  Iteration: 1  Process: /tb_dvb_s2x_256apsk_decoder/output_monitor  File: E:/2025.7_learning/DVBS2X_256APSK_1/DVBS2X_256APSK_1.srcs/sim_1/new/tb_dvb_s2x_256apsk_decoder.vhd
Error:   错误: 输出无效信号未激活!
Time: 600 ns  Iteration: 0  Process: /tb_dvb_s2x_256apsk_decoder/stim_process  File: E:/2025.7_learning/DVBS2X_256APSK_1/DVBS2X_256APSK_1.srcs/sim_1/new/tb_dvb_s2x_256apsk_decoder.vhd
Note: 测试 13: Outer ring 90 deg  Note:   输入: I=0, Q=49152, 期望环=2
Time: 615 ns  Iteration: 0  Process: /tb_dvb_s2x_256apsk_decoder/stim_process  File: E:/2025.7_learning/DVBS2X_256APSK_1/DVBS2X_256APSK_1.srcs/sim_1/new/tb_dvb_s2x_256apsk_decoder.vhd
Note: 输出监控: 时间=637500 ps, I=0, Q=-32768, 符号=72
Time: 637500 ps  Iteration: 1  Process: /tb_dvb_s2x_256apsk_decoder/output_monitor  File: E:/2025.7_learning/DVBS2X_256APSK_1/DVBS2X_256APSK_1.srcs/sim_1/new/tb_dvb_s2x_256apsk_decoder.vhd
Error:   错误: 输出无效信号未激活!
Time: 645 ns  Iteration: 0  Process: /tb_dvb_s2x_256apsk_decoder/stim_process  File: E:/2025.7_learning/DVBS2X_256APSK_1/DVBS2X_256APSK_1.srcs/sim_1/new/tb_dvb_s2x_256apsk_decoder.vhd
Note: 测试 14: Outer ring 135 deg Note:   输入: I=-34755, Q=34755, 期望环=2
Time: 660 ns  Iteration: 0  Process: /tb_dvb_s2x_256apsk_decoder/stim_process  File: E:/2025.7_learning/DVBS2X_256APSK_1/DVBS2X_256APSK_1.srcs/sim_1/new/tb_dvb_s2x_256apsk_decoder.vhd
Note: 输出监控: 时间=682500 ps, I=11585, Q=-11585, 符号=28
Time: 682500 ps  Iteration: 1  Process: /tb_dvb_s2x_256apsk_decoder/output_monitor  File: E:/2025.7_learning/DVBS2X_256APSK_1/DVBS2X_256APSK_1.srcs/sim_1/new/tb_dvb_s2x_256apsk_decoder.vhd
Error:   错误: 输出无效信号未激活!
Time: 690 ns  Iteration: 0  Process: /tb_dvb_s2x_256apsk_decoder/stim_process  File: E:/2025.7_learning/DVBS2X_256APSK_1/DVBS2X_256APSK_1.srcs/sim_1/new/tb_dvb_s2x_256apsk_decoder.vhd
Note: 测试 15: Outer ring 180 deg Note:   输入: I=-49152, Q=0, 期望环=2
Time: 705 ns  Iteration: 0  Process: /tb_dvb_s2x_256apsk_decoder/stim_process  File: E:/2025.7_learning/DVBS2X_256APSK_1/DVBS2X_256APSK_1.srcs/sim_1/new/tb_dvb_s2x_256apsk_decoder.vhd
Note: 输出监控: 时间=727500 ps, I=-32768, Q=0, 符号=0
Time: 727500 ps  Iteration: 1  Process: /tb_dvb_s2x_256apsk_decoder/output_monitor  File: E:/2025.7_learning/DVBS2X_256APSK_1/DVBS2X_256APSK_1.srcs/sim_1/new/tb_dvb_s2x_256apsk_decoder.vhd
Error:   错误: 输出无效信号未激活!
Time: 735 ns  Iteration: 0  Process: /tb_dvb_s2x_256apsk_decoder/stim_process  File: E:/2025.7_learning/DVBS2X_256APSK_1/DVBS2X_256APSK_1.srcs/sim_1/new/tb_dvb_s2x_256apsk_decoder.vhd
Note: 测试 16: Boundary test 1    Note:   输入: I=20000, Q=0, 期望环=0
Time: 750 ns  Iteration: 0  Process: /tb_dvb_s2x_256apsk_decoder/stim_process  File: E:/2025.7_learning/DVBS2X_256APSK_1/DVBS2X_256APSK_1.srcs/sim_1/new/tb_dvb_s2x_256apsk_decoder.vhd
Note: 输出监控: 时间=772500 ps, I=16384, Q=0, 符号=0
Time: 772500 ps  Iteration: 1  Process: /tb_dvb_s2x_256apsk_decoder/output_monitor  File: E:/2025.7_learning/DVBS2X_256APSK_1/DVBS2X_256APSK_1.srcs/sim_1/new/tb_dvb_s2x_256apsk_decoder.vhd
Error:   错误: 输出无效信号未激活!
Time: 780 ns  Iteration: 0  Process: /tb_dvb_s2x_256apsk_decoder/stim_process  File: E:/2025.7_learning/DVBS2X_256APSK_1/DVBS2X_256APSK_1.srcs/sim_1/new/tb_dvb_s2x_256apsk_decoder.vhd
Note: 测试 17: Boundary test 2    Note:   输入: I=40000, Q=0, 期望环=1
Time: 795 ns  Iteration: 0  Process: /tb_dvb_s2x_256apsk_decoder/stim_process  File: E:/2025.7_learning/DVBS2X_256APSK_1/DVBS2X_256APSK_1.srcs/sim_1/new/tb_dvb_s2x_256apsk_decoder.vhd
Note: 输出监控: 时间=817500 ps, I=-16384, Q=0, 符号=16
Time: 817500 ps  Iteration: 1  Process: /tb_dvb_s2x_256apsk_decoder/output_monitor  File: E:/2025.7_learning/DVBS2X_256APSK_1/DVBS2X_256APSK_1.srcs/sim_1/new/tb_dvb_s2x_256apsk_decoder.vhd
Error:   错误: 输出无效信号未激活!
Time: 825 ns  Iteration: 0  Process: /tb_dvb_s2x_256apsk_decoder/stim_process  File: E:/2025.7_learning/DVBS2X_256APSK_1/DVBS2X_256APSK_1.srcs/sim_1/new/tb_dvb_s2x_256apsk_decoder.vhd
Note: 测试 18: Boundary test 3    Note:   输入: I=60000, Q=0, 期望环=2
Time: 840 ns  Iteration: 0  Process: /tb_dvb_s2x_256apsk_decoder/stim_process  File: E:/2025.7_learning/DVBS2X_256APSK_1/DVBS2X_256APSK_1.srcs/sim_1/new/tb_dvb_s2x_256apsk_decoder.vhd
Note: 输出监控: 时间=862500 ps, I=-32768, Q=0, 符号=48
Time: 862500 ps  Iteration: 1  Process: /tb_dvb_s2x_256apsk_decoder/output_monitor  File: E:/2025.7_learning/DVBS2X_256APSK_1/DVBS2X_256APSK_1.srcs/sim_1/new/tb_dvb_s2x_256apsk_decoder.vhd
Error:   错误: 输出无效信号未激活!
Time: 870 ns  Iteration: 0  Process: /tb_dvb_s2x_256apsk_decoder/stim_process  File: E:/2025.7_learning/DVBS2X_256APSK_1/DVBS2X_256APSK_1.srcs/sim_1/new/tb_dvb_s2x_256apsk_decoder.vhd
Note: ========================================
Time: 885 ns  Iteration: 0  Process: /tb_dvb_s2x_256apsk_decoder/stim_process  File: E:/2025.7_learning/DVBS2X_256APSK_1/DVBS2X_256APSK_1.srcs/sim_1/new/tb_dvb_s2x_256apsk_decoder.vhd
Note: 连续数据流测试开始
Time: 885 ns  Iteration: 0  Process: /tb_dvb_s2x_256apsk_decoder/stim_process  File: E:/2025.7_learning/DVBS2X_256APSK_1/DVBS2X_256APSK_1.srcs/sim_1/new/tb_dvb_s2x_256apsk_decoder.vhd
Note: ========================================
Time: 885 ns  Iteration: 0  Process: /tb_dvb_s2x_256apsk_decoder/stim_process  File: E:/2025.7_learning/DVBS2X_256APSK_1/DVBS2X_256APSK_1.srcs/sim_1/new/tb_dvb_s2x_256apsk_decoder.vhd
Note: 输出监控: 时间=907500 ps, I=16384, Q=0, 符号=0
Time: 907500 ps  Iteration: 1  Process: /tb_dvb_s2x_256apsk_decoder/output_monitor  File: E:/2025.7_learning/DVBS2X_256APSK_1/DVBS2X_256APSK_1.srcs/sim_1/new/tb_dvb_s2x_256apsk_decoder.vhd
Note: 输出监控: 时间=912500 ps, I=11585, Q=11585, 符号=4
Time: 912500 ps  Iteration: 1  Process: /tb_dvb_s2x_256apsk_decoder/output_monitor  File: E:/2025.7_learning/DVBS2X_256APSK_1/DVBS2X_256APSK_1.srcs/sim_1/new/tb_dvb_s2x_256apsk_decoder.vhd
Note: 输出监控: 时间=917500 ps, I=0, Q=16384, 符号=8
Time: 917500 ps  Iteration: 1  Process: /tb_dvb_s2x_256apsk_decoder/output_monitor  File: E:/2025.7_learning/DVBS2X_256APSK_1/DVBS2X_256APSK_1.srcs/sim_1/new/tb_dvb_s2x_256apsk_decoder.vhd
Note: 输出监控: 时间=922500 ps, I=-11585, Q=11585, 符号=12
Time: 922500 ps  Iteration: 1  Process: /tb_dvb_s2x_256apsk_decoder/output_monitor  File: E:/2025.7_learning/DVBS2X_256APSK_1/DVBS2X_256APSK_1.srcs/sim_1/new/tb_dvb_s2x_256apsk_decoder.vhd
Note: 输出监控: 时间=927500 ps, I=-16384, Q=0, 符号=16
Time: 927500 ps  Iteration: 1  Process: /tb_dvb_s2x_256apsk_decoder/output_monitor  File: E:/2025.7_learning/DVBS2X_256APSK_1/DVBS2X_256APSK_1.srcs/sim_1/new/tb_dvb_s2x_256apsk_decoder.vhd
Note: 输出监控: 时间=932500 ps, I=-16384, Q=0, 符号=16
Time: 932500 ps  Iteration: 1  Process: /tb_dvb_s2x_256apsk_decoder/output_monitor  File: E:/2025.7_learning/DVBS2X_256APSK_1/DVBS2X_256APSK_1.srcs/sim_1/new/tb_dvb_s2x_256apsk_decoder.vhd
Note: 输出监控: 时间=937500 ps, I=23170, Q=23170, 符号=12
Time: 937500 ps  Iteration: 1  Process: /tb_dvb_s2x_256apsk_decoder/output_monitor  File: E:/2025.7_learning/DVBS2X_256APSK_1/DVBS2X_256APSK_1.srcs/sim_1/new/tb_dvb_s2x_256apsk_decoder.vhd
Note: 输出监控: 时间=942500 ps, I=0, Q=-32768, 符号=72
Time: 942500 ps  Iteration: 1  Process: /tb_dvb_s2x_256apsk_decoder/output_monitor  File: E:/2025.7_learning/DVBS2X_256APSK_1/DVBS2X_256APSK_1.srcs/sim_1/new/tb_dvb_s2x_256apsk_decoder.vhd
INFO: [USF-XSim-96] XSim completed. Design snapshot 'tb_dvb_s2x_256apsk_decoder_behav' loaded.
INFO: [USF-XSim-97] XSim simulation ran for 1000ns
launch_simulation: Time (s): cpu = 00:00:02 ; elapsed = 00:00:07 . Memory (MB): peak = 1138.461 ; gain = 0.000
relaunch_sim
Command: launch_simulation -simset sim_1 -mode behavioral
INFO: [Vivado 12-5682] Launching behavioral simulation in 'E:/2025.7_learning/DVBS2X_256APSK_1/DVBS2X_256APSK_1.sim/sim_1/behav/xsim'
INFO: [SIM-utils-51] Simulation object is 'sim_1'
INFO: [SIM-utils-54] Inspecting design source files for 'tb_dvb_s2x_256apsk_decoder' in fileset 'sim_1'...
INFO: [USF-XSim-97] Finding global include files...
INFO: [USF-XSim-98] Fetching design files from 'sim_1'...
INFO: [USF-XSim-2] XSim::Compile design
INFO: [USF-XSim-61] Executing 'COMPILE and ANALYZE' step in 'E:/2025.7_learning/DVBS2X_256APSK_1/DVBS2X_256APSK_1.sim/sim_1/behav/xsim'
"xvhdl --incr --relax -prj tb_dvb_s2x_256apsk_decoder_vhdl.prj"
INFO: [USF-XSim-69] 'compile' step finished in '2' seconds
Command: launch_simulation -simset sim_1 -mode behavioral
INFO: [Vivado 12-5682] Launching behavioral simulation in 'E:/2025.7_learning/DVBS2X_256APSK_1/DVBS2X_256APSK_1.sim/sim_1/behav/xsim'
INFO: [USF-XSim-3] XSim::Elaborate design
INFO: [USF-XSim-61] Executing 'ELABORATE' step in 'E:/2025.7_learning/DVBS2X_256APSK_1/DVBS2X_256APSK_1.sim/sim_1/behav/xsim'
"xelab -wto ba4bd07b7daa44108d225472a7c42449 --incr --debug typical --relax --mt 2 -L xil_defaultlib -L secureip --snapshot tb_dvb_s2x_256apsk_decoder_behav xil_defaultlib.tb_dvb_s2x_256apsk_decoder -log elaborate.log"
Vivado Simulator 2020.2
Copyright 1986-1999, 2001-2020 Xilinx, Inc. All Rights Reserved.
Running: E:/Xilinx/Vivado/2020.2/bin/unwrapped/win64.o/xelab.exe -wto ba4bd07b7daa44108d225472a7c42449 --incr --debug typical --relax --mt 2 -L xil_defaultlib -L secureip --snapshot tb_dvb_s2x_256apsk_decoder_behav xil_defaultlib.tb_dvb_s2x_256apsk_decoder -log elaborate.log 
Using 2 slave threads.
Starting static elaboration
WARNING: [VRFC 10-1537] value 2147483648 is out of target constraint range 0 to 2147483647 [E:/2025.7_learning/DVBS2X_256APSK_1/DVBS2X_256APSK_1.srcs/sources_1/new/dvb_s2x_256apsk_decoder.vhd:228]
Completed static elaboration
INFO: [XSIM 43-4323] No Change in HDL. Linking previously generated obj files to create kernel
INFO: [USF-XSim-69] 'elaborate' step finished in '2' seconds
Vivado Simulator 2020.2
Time resolution is 1 ps
Note: ========================================
Time: 0 ps  Iteration: 0  Process: /tb_dvb_s2x_256apsk_decoder/stim_process  File: E:/2025.7_learning/DVBS2X_256APSK_1/DVBS2X_256APSK_1.srcs/sim_1/new/tb_dvb_s2x_256apsk_decoder.vhd
Note: DVB-S2X 256APSK 硬判决模块仿真开始
Time: 0 ps  Iteration: 0  Process: /tb_dvb_s2x_256apsk_decoder/stim_process  File: E:/2025.7_learning/DVBS2X_256APSK_1/DVBS2X_256APSK_1.srcs/sim_1/new/tb_dvb_s2x_256apsk_decoder.vhd
Note: 时钟频率: 200MHz (周期: 5ns)
Time: 0 ps  Iteration: 0  Process: /tb_dvb_s2x_256apsk_decoder/stim_process  File: E:/2025.7_learning/DVBS2X_256APSK_1/DVBS2X_256APSK_1.srcs/sim_1/new/tb_dvb_s2x_256apsk_decoder.vhd
Note: 测试向量数量: 18
Time: 0 ps  Iteration: 0  Process: /tb_dvb_s2x_256apsk_decoder/stim_process  File: E:/2025.7_learning/DVBS2X_256APSK_1/DVBS2X_256APSK_1.srcs/sim_1/new/tb_dvb_s2x_256apsk_decoder.vhd
Note: ========================================
Time: 0 ps  Iteration: 0  Process: /tb_dvb_s2x_256apsk_decoder/stim_process  File: E:/2025.7_learning/DVBS2X_256APSK_1/DVBS2X_256APSK_1.srcs/sim_1/new/tb_dvb_s2x_256apsk_decoder.vhd
Note: 测试 1: Inner ring 0 deg   Note:   输入: I=16384, Q=0, 期望环=0
Time: 75 ns  Iteration: 0  Process: /tb_dvb_s2x_256apsk_decoder/stim_process  File: E:/2025.7_learning/DVBS2X_256APSK_1/DVBS2X_256APSK_1.srcs/sim_1/new/tb_dvb_s2x_256apsk_decoder.vhd
Note: 输出监控: 时间=97500 ps, I=16384, Q=0, 符号=0
Time: 97500 ps  Iteration: 1  Process: /tb_dvb_s2x_256apsk_decoder/output_monitor  File: E:/2025.7_learning/DVBS2X_256APSK_1/DVBS2X_256APSK_1.srcs/sim_1/new/tb_dvb_s2x_256apsk_decoder.vhd
Error:   错误: 输出无效信号未激活!
Time: 105 ns  Iteration: 0  Process: /tb_dvb_s2x_256apsk_decoder/stim_process  File: E:/2025.7_learning/DVBS2X_256APSK_1/DVBS2X_256APSK_1.srcs/sim_1/new/tb_dvb_s2x_256apsk_decoder.vhd
Note: 测试 2: Inner ring 45 deg  Note:   输入: I=11585, Q=11585, 期望环=0
Time: 120 ns  Iteration: 0  Process: /tb_dvb_s2x_256apsk_decoder/stim_process  File: E:/2025.7_learning/DVBS2X_256APSK_1/DVBS2X_256APSK_1.srcs/sim_1/new/tb_dvb_s2x_256apsk_decoder.vhd
Note: 输出监控: 时间=142500 ps, I=11585, Q=11585, 符号=4
Time: 142500 ps  Iteration: 1  Process: /tb_dvb_s2x_256apsk_decoder/output_monitor  File: E:/2025.7_learning/DVBS2X_256APSK_1/DVBS2X_256APSK_1.srcs/sim_1/new/tb_dvb_s2x_256apsk_decoder.vhd
Error:   错误: 输出无效信号未激活!
Time: 150 ns  Iteration: 0  Process: /tb_dvb_s2x_256apsk_decoder/stim_process  File: E:/2025.7_learning/DVBS2X_256APSK_1/DVBS2X_256APSK_1.srcs/sim_1/new/tb_dvb_s2x_256apsk_decoder.vhd
Note: 测试 3: Inner ring 90 deg  Note:   输入: I=0, Q=16384, 期望环=0
Time: 165 ns  Iteration: 0  Process: /tb_dvb_s2x_256apsk_decoder/stim_process  File: E:/2025.7_learning/DVBS2X_256APSK_1/DVBS2X_256APSK_1.srcs/sim_1/new/tb_dvb_s2x_256apsk_decoder.vhd
Note: 输出监控: 时间=187500 ps, I=0, Q=16384, 符号=8
Time: 187500 ps  Iteration: 1  Process: /tb_dvb_s2x_256apsk_decoder/output_monitor  File: E:/2025.7_learning/DVBS2X_256APSK_1/DVBS2X_256APSK_1.srcs/sim_1/new/tb_dvb_s2x_256apsk_decoder.vhd
Error:   错误: 输出无效信号未激活!
Time: 195 ns  Iteration: 0  Process: /tb_dvb_s2x_256apsk_decoder/stim_process  File: E:/2025.7_learning/DVBS2X_256APSK_1/DVBS2X_256APSK_1.srcs/sim_1/new/tb_dvb_s2x_256apsk_decoder.vhd
Note: 测试 4: Inner ring 135 deg Note:   输入: I=-11585, Q=11585, 期望环=0
Time: 210 ns  Iteration: 0  Process: /tb_dvb_s2x_256apsk_decoder/stim_process  File: E:/2025.7_learning/DVBS2X_256APSK_1/DVBS2X_256APSK_1.srcs/sim_1/new/tb_dvb_s2x_256apsk_decoder.vhd
Note: 输出监控: 时间=232500 ps, I=-11585, Q=11585, 符号=12
Time: 232500 ps  Iteration: 1  Process: /tb_dvb_s2x_256apsk_decoder/output_monitor  File: E:/2025.7_learning/DVBS2X_256APSK_1/DVBS2X_256APSK_1.srcs/sim_1/new/tb_dvb_s2x_256apsk_decoder.vhd
Error:   错误: 输出无效信号未激活!
Time: 240 ns  Iteration: 0  Process: /tb_dvb_s2x_256apsk_decoder/stim_process  File: E:/2025.7_learning/DVBS2X_256APSK_1/DVBS2X_256APSK_1.srcs/sim_1/new/tb_dvb_s2x_256apsk_decoder.vhd
Note: 测试 5: Inner ring 180 deg Note:   输入: I=-16384, Q=0, 期望环=0
Time: 255 ns  Iteration: 0  Process: /tb_dvb_s2x_256apsk_decoder/stim_process  File: E:/2025.7_learning/DVBS2X_256APSK_1/DVBS2X_256APSK_1.srcs/sim_1/new/tb_dvb_s2x_256apsk_decoder.vhd
Note: 输出监控: 时间=277500 ps, I=-16384, Q=0, 符号=16
Time: 277500 ps  Iteration: 1  Process: /tb_dvb_s2x_256apsk_decoder/output_monitor  File: E:/2025.7_learning/DVBS2X_256APSK_1/DVBS2X_256APSK_1.srcs/sim_1/new/tb_dvb_s2x_256apsk_decoder.vhd
Error:   错误: 输出无效信号未激活!
Time: 285 ns  Iteration: 0  Process: /tb_dvb_s2x_256apsk_decoder/stim_process  File: E:/2025.7_learning/DVBS2X_256APSK_1/DVBS2X_256APSK_1.srcs/sim_1/new/tb_dvb_s2x_256apsk_decoder.vhd
Note: 测试 6: Mid ring 0 deg     Note:   输入: I=32768, Q=0, 期望环=1
Time: 300 ns  Iteration: 0  Process: /tb_dvb_s2x_256apsk_decoder/stim_process  File: E:/2025.7_learning/DVBS2X_256APSK_1/DVBS2X_256APSK_1.srcs/sim_1/new/tb_dvb_s2x_256apsk_decoder.vhd
Note: 输出监控: 时间=322500 ps, I=-16384, Q=0, 符号=16
Time: 322500 ps  Iteration: 1  Process: /tb_dvb_s2x_256apsk_decoder/output_monitor  File: E:/2025.7_learning/DVBS2X_256APSK_1/DVBS2X_256APSK_1.srcs/sim_1/new/tb_dvb_s2x_256apsk_decoder.vhd
Error:   错误: 输出无效信号未激活!
Time: 330 ns  Iteration: 0  Process: /tb_dvb_s2x_256apsk_decoder/stim_process  File: E:/2025.7_learning/DVBS2X_256APSK_1/DVBS2X_256APSK_1.srcs/sim_1/new/tb_dvb_s2x_256apsk_decoder.vhd
Note: 测试 7: Mid ring 45 deg    Note:   输入: I=23170, Q=23170, 期望环=1
Time: 345 ns  Iteration: 0  Process: /tb_dvb_s2x_256apsk_decoder/stim_process  File: E:/2025.7_learning/DVBS2X_256APSK_1/DVBS2X_256APSK_1.srcs/sim_1/new/tb_dvb_s2x_256apsk_decoder.vhd
Note: 输出监控: 时间=367500 ps, I=23170, Q=23170, 符号=12
Time: 367500 ps  Iteration: 1  Process: /tb_dvb_s2x_256apsk_decoder/output_monitor  File: E:/2025.7_learning/DVBS2X_256APSK_1/DVBS2X_256APSK_1.srcs/sim_1/new/tb_dvb_s2x_256apsk_decoder.vhd
Error:   错误: 输出无效信号未激活!
Time: 375 ns  Iteration: 0  Process: /tb_dvb_s2x_256apsk_decoder/stim_process  File: E:/2025.7_learning/DVBS2X_256APSK_1/DVBS2X_256APSK_1.srcs/sim_1/new/tb_dvb_s2x_256apsk_decoder.vhd
Note: 测试 8: Mid ring 90 deg    Note:   输入: I=0, Q=32768, 期望环=1
Time: 390 ns  Iteration: 0  Process: /tb_dvb_s2x_256apsk_decoder/stim_process  File: E:/2025.7_learning/DVBS2X_256APSK_1/DVBS2X_256APSK_1.srcs/sim_1/new/tb_dvb_s2x_256apsk_decoder.vhd
Note: 输出监控: 时间=412500 ps, I=0, Q=-32768, 符号=72
Time: 412500 ps  Iteration: 1  Process: /tb_dvb_s2x_256apsk_decoder/output_monitor  File: E:/2025.7_learning/DVBS2X_256APSK_1/DVBS2X_256APSK_1.srcs/sim_1/new/tb_dvb_s2x_256apsk_decoder.vhd
Error:   错误: 输出无效信号未激活!
Time: 420 ns  Iteration: 0  Process: /tb_dvb_s2x_256apsk_decoder/stim_process  File: E:/2025.7_learning/DVBS2X_256APSK_1/DVBS2X_256APSK_1.srcs/sim_1/new/tb_dvb_s2x_256apsk_decoder.vhd
Note: 测试 9: Mid ring 135 deg   Note:   输入: I=-23170, Q=23170, 期望环=1
Time: 435 ns  Iteration: 0  Process: /tb_dvb_s2x_256apsk_decoder/stim_process  File: E:/2025.7_learning/DVBS2X_256APSK_1/DVBS2X_256APSK_1.srcs/sim_1/new/tb_dvb_s2x_256apsk_decoder.vhd
Note: 输出监控: 时间=457500 ps, I=-23170, Q=23170, 符号=36
Time: 457500 ps  Iteration: 1  Process: /tb_dvb_s2x_256apsk_decoder/output_monitor  File: E:/2025.7_learning/DVBS2X_256APSK_1/DVBS2X_256APSK_1.srcs/sim_1/new/tb_dvb_s2x_256apsk_decoder.vhd
Error:   错误: 输出无效信号未激活!
Time: 465 ns  Iteration: 0  Process: /tb_dvb_s2x_256apsk_decoder/stim_process  File: E:/2025.7_learning/DVBS2X_256APSK_1/DVBS2X_256APSK_1.srcs/sim_1/new/tb_dvb_s2x_256apsk_decoder.vhd
Note: 测试 10: Mid ring 180 deg   Note:   输入: I=-32768, Q=0, 期望环=1
Time: 480 ns  Iteration: 0  Process: /tb_dvb_s2x_256apsk_decoder/stim_process  File: E:/2025.7_learning/DVBS2X_256APSK_1/DVBS2X_256APSK_1.srcs/sim_1/new/tb_dvb_s2x_256apsk_decoder.vhd
Note: 输出监控: 时间=502500 ps, I=-32768, Q=0, 符号=48
Time: 502500 ps  Iteration: 1  Process: /tb_dvb_s2x_256apsk_decoder/output_monitor  File: E:/2025.7_learning/DVBS2X_256APSK_1/DVBS2X_256APSK_1.srcs/sim_1/new/tb_dvb_s2x_256apsk_decoder.vhd
Error:   错误: 输出无效信号未激活!
Time: 510 ns  Iteration: 0  Process: /tb_dvb_s2x_256apsk_decoder/stim_process  File: E:/2025.7_learning/DVBS2X_256APSK_1/DVBS2X_256APSK_1.srcs/sim_1/new/tb_dvb_s2x_256apsk_decoder.vhd
Note: 测试 11: Outer ring 0 deg   Note:   输入: I=49152, Q=0, 期望环=2
Time: 525 ns  Iteration: 0  Process: /tb_dvb_s2x_256apsk_decoder/stim_process  File: E:/2025.7_learning/DVBS2X_256APSK_1/DVBS2X_256APSK_1.srcs/sim_1/new/tb_dvb_s2x_256apsk_decoder.vhd
Note: 输出监控: 时间=547500 ps, I=-32768, Q=0, 符号=48
Time: 547500 ps  Iteration: 1  Process: /tb_dvb_s2x_256apsk_decoder/output_monitor  File: E:/2025.7_learning/DVBS2X_256APSK_1/DVBS2X_256APSK_1.srcs/sim_1/new/tb_dvb_s2x_256apsk_decoder.vhd
Error:   错误: 输出无效信号未激活!
Time: 555 ns  Iteration: 0  Process: /tb_dvb_s2x_256apsk_decoder/stim_process  File: E:/2025.7_learning/DVBS2X_256APSK_1/DVBS2X_256APSK_1.srcs/sim_1/new/tb_dvb_s2x_256apsk_decoder.vhd
Note: 测试 12: Outer ring 45 deg  Note:   输入: I=34755, Q=34755, 期望环=2
Time: 570 ns  Iteration: 0  Process: /tb_dvb_s2x_256apsk_decoder/stim_process  File: E:/2025.7_learning/DVBS2X_256APSK_1/DVBS2X_256APSK_1.srcs/sim_1/new/tb_dvb_s2x_256apsk_decoder.vhd
Note: 输出监控: 时间=592500 ps, I=-11585, Q=-11585, 符号=20
Time: 592500 ps  Iteration: 1  Process: /tb_dvb_s2x_256apsk_decoder/output_monitor  File: E:/2025.7_learning/DVBS2X_256APSK_1/DVBS2X_256APSK_1.srcs/sim_1/new/tb_dvb_s2x_256apsk_decoder.vhd
Error:   错误: 输出无效信号未激活!
Time: 600 ns  Iteration: 0  Process: /tb_dvb_s2x_256apsk_decoder/stim_process  File: E:/2025.7_learning/DVBS2X_256APSK_1/DVBS2X_256APSK_1.srcs/sim_1/new/tb_dvb_s2x_256apsk_decoder.vhd
Note: 测试 13: Outer ring 90 deg  Note:   输入: I=0, Q=49152, 期望环=2
Time: 615 ns  Iteration: 0  Process: /tb_dvb_s2x_256apsk_decoder/stim_process  File: E:/2025.7_learning/DVBS2X_256APSK_1/DVBS2X_256APSK_1.srcs/sim_1/new/tb_dvb_s2x_256apsk_decoder.vhd
Note: 输出监控: 时间=637500 ps, I=0, Q=-32768, 符号=72
Time: 637500 ps  Iteration: 1  Process: /tb_dvb_s2x_256apsk_decoder/output_monitor  File: E:/2025.7_learning/DVBS2X_256APSK_1/DVBS2X_256APSK_1.srcs/sim_1/new/tb_dvb_s2x_256apsk_decoder.vhd
Error:   错误: 输出无效信号未激活!
Time: 645 ns  Iteration: 0  Process: /tb_dvb_s2x_256apsk_decoder/stim_process  File: E:/2025.7_learning/DVBS2X_256APSK_1/DVBS2X_256APSK_1.srcs/sim_1/new/tb_dvb_s2x_256apsk_decoder.vhd
Note: 测试 14: Outer ring 135 deg Note:   输入: I=-34755, Q=34755, 期望环=2
Time: 660 ns  Iteration: 0  Process: /tb_dvb_s2x_256apsk_decoder/stim_process  File: E:/2025.7_learning/DVBS2X_256APSK_1/DVBS2X_256APSK_1.srcs/sim_1/new/tb_dvb_s2x_256apsk_decoder.vhd
Note: 输出监控: 时间=682500 ps, I=11585, Q=-11585, 符号=28
Time: 682500 ps  Iteration: 1  Process: /tb_dvb_s2x_256apsk_decoder/output_monitor  File: E:/2025.7_learning/DVBS2X_256APSK_1/DVBS2X_256APSK_1.srcs/sim_1/new/tb_dvb_s2x_256apsk_decoder.vhd
Error:   错误: 输出无效信号未激活!
Time: 690 ns  Iteration: 0  Process: /tb_dvb_s2x_256apsk_decoder/stim_process  File: E:/2025.7_learning/DVBS2X_256APSK_1/DVBS2X_256APSK_1.srcs/sim_1/new/tb_dvb_s2x_256apsk_decoder.vhd
Note: 测试 15: Outer ring 180 deg Note:   输入: I=-49152, Q=0, 期望环=2
Time: 705 ns  Iteration: 0  Process: /tb_dvb_s2x_256apsk_decoder/stim_process  File: E:/2025.7_learning/DVBS2X_256APSK_1/DVBS2X_256APSK_1.srcs/sim_1/new/tb_dvb_s2x_256apsk_decoder.vhd
Note: 输出监控: 时间=727500 ps, I=-32768, Q=0, 符号=0
Time: 727500 ps  Iteration: 1  Process: /tb_dvb_s2x_256apsk_decoder/output_monitor  File: E:/2025.7_learning/DVBS2X_256APSK_1/DVBS2X_256APSK_1.srcs/sim_1/new/tb_dvb_s2x_256apsk_decoder.vhd
Error:   错误: 输出无效信号未激活!
Time: 735 ns  Iteration: 0  Process: /tb_dvb_s2x_256apsk_decoder/stim_process  File: E:/2025.7_learning/DVBS2X_256APSK_1/DVBS2X_256APSK_1.srcs/sim_1/new/tb_dvb_s2x_256apsk_decoder.vhd
Note: 测试 16: Boundary test 1    Note:   输入: I=20000, Q=0, 期望环=0
Time: 750 ns  Iteration: 0  Process: /tb_dvb_s2x_256apsk_decoder/stim_process  File: E:/2025.7_learning/DVBS2X_256APSK_1/DVBS2X_256APSK_1.srcs/sim_1/new/tb_dvb_s2x_256apsk_decoder.vhd
Note: 输出监控: 时间=772500 ps, I=16384, Q=0, 符号=0
Time: 772500 ps  Iteration: 1  Process: /tb_dvb_s2x_256apsk_decoder/output_monitor  File: E:/2025.7_learning/DVBS2X_256APSK_1/DVBS2X_256APSK_1.srcs/sim_1/new/tb_dvb_s2x_256apsk_decoder.vhd
Error:   错误: 输出无效信号未激活!
Time: 780 ns  Iteration: 0  Process: /tb_dvb_s2x_256apsk_decoder/stim_process  File: E:/2025.7_learning/DVBS2X_256APSK_1/DVBS2X_256APSK_1.srcs/sim_1/new/tb_dvb_s2x_256apsk_decoder.vhd
Note: 测试 17: Boundary test 2    Note:   输入: I=40000, Q=0, 期望环=1
Time: 795 ns  Iteration: 0  Process: /tb_dvb_s2x_256apsk_decoder/stim_process  File: E:/2025.7_learning/DVBS2X_256APSK_1/DVBS2X_256APSK_1.srcs/sim_1/new/tb_dvb_s2x_256apsk_decoder.vhd
Note: 输出监控: 时间=817500 ps, I=-16384, Q=0, 符号=16
Time: 817500 ps  Iteration: 1  Process: /tb_dvb_s2x_256apsk_decoder/output_monitor  File: E:/2025.7_learning/DVBS2X_256APSK_1/DVBS2X_256APSK_1.srcs/sim_1/new/tb_dvb_s2x_256apsk_decoder.vhd
Error:   错误: 输出无效信号未激活!
Time: 825 ns  Iteration: 0  Process: /tb_dvb_s2x_256apsk_decoder/stim_process  File: E:/2025.7_learning/DVBS2X_256APSK_1/DVBS2X_256APSK_1.srcs/sim_1/new/tb_dvb_s2x_256apsk_decoder.vhd
Note: 测试 18: Boundary test 3    Note:   输入: I=60000, Q=0, 期望环=2
Time: 840 ns  Iteration: 0  Process: /tb_dvb_s2x_256apsk_decoder/stim_process  File: E:/2025.7_learning/DVBS2X_256APSK_1/DVBS2X_256APSK_1.srcs/sim_1/new/tb_dvb_s2x_256apsk_decoder.vhd
Note: 输出监控: 时间=862500 ps, I=-32768, Q=0, 符号=48
Time: 862500 ps  Iteration: 1  Process: /tb_dvb_s2x_256apsk_decoder/output_monitor  File: E:/2025.7_learning/DVBS2X_256APSK_1/DVBS2X_256APSK_1.srcs/sim_1/new/tb_dvb_s2x_256apsk_decoder.vhd
Error:   错误: 输出无效信号未激活!
Time: 870 ns  Iteration: 0  Process: /tb_dvb_s2x_256apsk_decoder/stim_process  File: E:/2025.7_learning/DVBS2X_256APSK_1/DVBS2X_256APSK_1.srcs/sim_1/new/tb_dvb_s2x_256apsk_decoder.vhd
Note: ========================================
Time: 885 ns  Iteration: 0  Process: /tb_dvb_s2x_256apsk_decoder/stim_process  File: E:/2025.7_learning/DVBS2X_256APSK_1/DVBS2X_256APSK_1.srcs/sim_1/new/tb_dvb_s2x_256apsk_decoder.vhd
Note: 连续数据流测试开始
Time: 885 ns  Iteration: 0  Process: /tb_dvb_s2x_256apsk_decoder/stim_process  File: E:/2025.7_learning/DVBS2X_256APSK_1/DVBS2X_256APSK_1.srcs/sim_1/new/tb_dvb_s2x_256apsk_decoder.vhd
Note: ========================================
Time: 885 ns  Iteration: 0  Process: /tb_dvb_s2x_256apsk_decoder/stim_process  File: E:/2025.7_learning/DVBS2X_256APSK_1/DVBS2X_256APSK_1.srcs/sim_1/new/tb_dvb_s2x_256apsk_decoder.vhd
Note: 输出监控: 时间=907500 ps, I=16384, Q=0, 符号=0
Time: 907500 ps  Iteration: 1  Process: /tb_dvb_s2x_256apsk_decoder/output_monitor  File: E:/2025.7_learning/DVBS2X_256APSK_1/DVBS2X_256APSK_1.srcs/sim_1/new/tb_dvb_s2x_256apsk_decoder.vhd
Note: 输出监控: 时间=912500 ps, I=11585, Q=11585, 符号=4
Time: 912500 ps  Iteration: 1  Process: /tb_dvb_s2x_256apsk_decoder/output_monitor  File: E:/2025.7_learning/DVBS2X_256APSK_1/DVBS2X_256APSK_1.srcs/sim_1/new/tb_dvb_s2x_256apsk_decoder.vhd
Note: 输出监控: 时间=917500 ps, I=0, Q=16384, 符号=8
Time: 917500 ps  Iteration: 1  Process: /tb_dvb_s2x_256apsk_decoder/output_monitor  File: E:/2025.7_learning/DVBS2X_256APSK_1/DVBS2X_256APSK_1.srcs/sim_1/new/tb_dvb_s2x_256apsk_decoder.vhd
Note: 输出监控: 时间=922500 ps, I=-11585, Q=11585, 符号=12
Time: 922500 ps  Iteration: 1  Process: /tb_dvb_s2x_256apsk_decoder/output_monitor  File: E:/2025.7_learning/DVBS2X_256APSK_1/DVBS2X_256APSK_1.srcs/sim_1/new/tb_dvb_s2x_256apsk_decoder.vhd
Note: 输出监控: 时间=927500 ps, I=-16384, Q=0, 符号=16
Time: 927500 ps  Iteration: 1  Process: /tb_dvb_s2x_256apsk_decoder/output_monitor  File: E:/2025.7_learning/DVBS2X_256APSK_1/DVBS2X_256APSK_1.srcs/sim_1/new/tb_dvb_s2x_256apsk_decoder.vhd
Note: 输出监控: 时间=932500 ps, I=-16384, Q=0, 符号=16
Time: 932500 ps  Iteration: 1  Process: /tb_dvb_s2x_256apsk_decoder/output_monitor  File: E:/2025.7_learning/DVBS2X_256APSK_1/DVBS2X_256APSK_1.srcs/sim_1/new/tb_dvb_s2x_256apsk_decoder.vhd
Note: 输出监控: 时间=937500 ps, I=23170, Q=23170, 符号=12
Time: 937500 ps  Iteration: 1  Process: /tb_dvb_s2x_256apsk_decoder/output_monitor  File: E:/2025.7_learning/DVBS2X_256APSK_1/DVBS2X_256APSK_1.srcs/sim_1/new/tb_dvb_s2x_256apsk_decoder.vhd
Note: 输出监控: 时间=942500 ps, I=0, Q=-32768, 符号=72
Time: 942500 ps  Iteration: 1  Process: /tb_dvb_s2x_256apsk_decoder/output_monitor  File: E:/2025.7_learning/DVBS2X_256APSK_1/DVBS2X_256APSK_1.srcs/sim_1/new/tb_dvb_s2x_256apsk_decoder.vhd
relaunch_sim: Time (s): cpu = 00:00:00 ; elapsed = 00:00:07 . Memory (MB): peak = 1138.461 ; gain = 0.000
close_sim
INFO: [Simtcl 6-16] Simulation closed
exit
INFO: [Common 17-206] Exiting Vivado at Mon Jul 14 21:55:54 2025...
