#-----------------------------------------------------------
# Vivado v2020.2 (64-bit)
# SW Build 3064766 on Wed Nov 18 09:12:45 MST 2020
# IP Build 3064653 on Wed Nov 18 14:17:31 MST 2020
# Start of session at: Thu Sep  4 14:36:02 2025
# Process ID: 25128
# Current directory: E:/Git/task/Musig_uplink_tx_module_signaling_srrc
# Command line: vivado.exe -gui_launcher_event rodinguilauncherevent22760 E:\Git\task\Musig_uplink_tx_module_signaling_srrc\dvb_s2x_256apsk_hard_decision_improved.xpr
# Log file: E:/Git/task/Musig_uplink_tx_module_signaling_srrc/vivado.log
# Journal file: E:/Git/task/Musig_uplink_tx_module_signaling_srrc\vivado.jou
#-----------------------------------------------------------
start_gui
open_project E:/Git/task/Musig_uplink_tx_module_signaling_srrc/dvb_s2x_256apsk_hard_decision_improved.xpr
INFO: [Project 1-313] Project file moved from 'E:/2025.7_learning/dvb_s2x_256apsk_hard_decision_improved' since last save.
WARNING: [filemgmt 56-2] Default IP Output Path : Could not find the directory 'E:/Git/task/Musig_uplink_tx_module_signaling_srrc/dvb_s2x_256apsk_hard_decision_improved.gen/sources_1', nor could it be found using path 'E:/2025.7_learning/dvb_s2x_256apsk_hard_decision_improved/dvb_s2x_256apsk_hard_decision_improved.gen/sources_1'.
Scanning sources...
Finished scanning sources
INFO: [IP_Flow 19-234] Refreshing IP repositories
INFO: [IP_Flow 19-1704] No user IP repositories specified
INFO: [IP_Flow 19-2313] Loaded Vivado IP repository 'E:/Xilinx/Vivado/2020.2/data/ip'.
open_project: Time (s): cpu = 00:00:03 ; elapsed = 00:00:06 . Memory (MB): peak = 1120.918 ; gain = 0.000
update_compile_order -fileset sources_1
