Vivado Simulator 2020.2
Time resolution is 1 ps
Note: ========================================
Time: 0 ps  Iteration: 0  Process: /tb_dvb_s2x_256apsk_decoder/stim_process  File: E:/2025.7_learning/DVBS2X_256APSK_1/DVBS2X_256APSK_1.srcs/sim_1/new/tb_dvb_s2x_256apsk_decoder.vhd
Note: DVB-S2X 256APSK 硬判决模块仿真开始
Time: 0 ps  Iteration: 0  Process: /tb_dvb_s2x_256apsk_decoder/stim_process  File: E:/2025.7_learning/DVBS2X_256APSK_1/DVBS2X_256APSK_1.srcs/sim_1/new/tb_dvb_s2x_256apsk_decoder.vhd
Note: 时钟频率: 200MHz (周期: 5ns)
Time: 0 ps  Iteration: 0  Process: /tb_dvb_s2x_256apsk_decoder/stim_process  File: E:/2025.7_learning/DVBS2X_256APSK_1/DVBS2X_256APSK_1.srcs/sim_1/new/tb_dvb_s2x_256apsk_decoder.vhd
Note: 测试向量数量: 2
Time: 0 ps  Iteration: 0  Process: /tb_dvb_s2x_256apsk_decoder/stim_process  File: E:/2025.7_learning/DVBS2X_256APSK_1/DVBS2X_256APSK_1.srcs/sim_1/new/tb_dvb_s2x_256apsk_decoder.vhd
Note: ========================================
Time: 0 ps  Iteration: 0  Process: /tb_dvb_s2x_256apsk_decoder/stim_process  File: E:/2025.7_learning/DVBS2X_256APSK_1/DVBS2X_256APSK_1.srcs/sim_1/new/tb_dvb_s2x_256apsk_decoder.vhd
Note: 测试 1: Outer ring 135 deg Note:   输入: I=-34755, Q=34755, 期望环=2
Time: 75 ns  Iteration: 0  Process: /tb_dvb_s2x_256apsk_decoder/stim_process  File: E:/2025.7_learning/DVBS2X_256APSK_1/DVBS2X_256APSK_1.srcs/sim_1/new/tb_dvb_s2x_256apsk_decoder.vhd
Note: 测试 2: Boundary test 3    Note:   输入: I=60000, Q=0, 期望环=2
Time: 95 ns  Iteration: 0  Process: /tb_dvb_s2x_256apsk_decoder/stim_process  File: E:/2025.7_learning/DVBS2X_256APSK_1/DVBS2X_256APSK_1.srcs/sim_1/new/tb_dvb_s2x_256apsk_decoder.vhd
Note: ========================================
Time: 115 ns  Iteration: 0  Process: /tb_dvb_s2x_256apsk_decoder/stim_process  File: E:/2025.7_learning/DVBS2X_256APSK_1/DVBS2X_256APSK_1.srcs/sim_1/new/tb_dvb_s2x_256apsk_decoder.vhd
Note: DVB-S2X 256APSK 硬判决模块仿真开始
Time: 115 ns  Iteration: 0  Process: /tb_dvb_s2x_256apsk_decoder/stim_process  File: E:/2025.7_learning/DVBS2X_256APSK_1/DVBS2X_256APSK_1.srcs/sim_1/new/tb_dvb_s2x_256apsk_decoder.vhd
Note: 时钟频率: 200MHz (周期: 5ns)
Time: 115 ns  Iteration: 0  Process: /tb_dvb_s2x_256apsk_decoder/stim_process  File: E:/2025.7_learning/DVBS2X_256APSK_1/DVBS2X_256APSK_1.srcs/sim_1/new/tb_dvb_s2x_256apsk_decoder.vhd
Note: 测试向量数量: 2
Time: 115 ns  Iteration: 0  Process: /tb_dvb_s2x_256apsk_decoder/stim_process  File: E:/2025.7_learning/DVBS2X_256APSK_1/DVBS2X_256APSK_1.srcs/sim_1/new/tb_dvb_s2x_256apsk_decoder.vhd
Note: ========================================
Time: 115 ns  Iteration: 0  Process: /tb_dvb_s2x_256apsk_decoder/stim_process  File: E:/2025.7_learning/DVBS2X_256APSK_1/DVBS2X_256APSK_1.srcs/sim_1/new/tb_dvb_s2x_256apsk_decoder.vhd
Note: 测试 1: Outer ring 135 deg Note:   输入: I=-34755, Q=34755, 期望环=2
Time: 190 ns  Iteration: 0  Process: /tb_dvb_s2x_256apsk_decoder/stim_process  File: E:/2025.7_learning/DVBS2X_256APSK_1/DVBS2X_256APSK_1.srcs/sim_1/new/tb_dvb_s2x_256apsk_decoder.vhd
Note: 测试 2: Boundary test 3    Note:   输入: I=60000, Q=0, 期望环=2
Time: 210 ns  Iteration: 0  Process: /tb_dvb_s2x_256apsk_decoder/stim_process  File: E:/2025.7_learning/DVBS2X_256APSK_1/DVBS2X_256APSK_1.srcs/sim_1/new/tb_dvb_s2x_256apsk_decoder.vhd
Note: ========================================
Time: 230 ns  Iteration: 0  Process: /tb_dvb_s2x_256apsk_decoder/stim_process  File: E:/2025.7_learning/DVBS2X_256APSK_1/DVBS2X_256APSK_1.srcs/sim_1/new/tb_dvb_s2x_256apsk_decoder.vhd
Note: DVB-S2X 256APSK 硬判决模块仿真开始
Time: 230 ns  Iteration: 0  Process: /tb_dvb_s2x_256apsk_decoder/stim_process  File: E:/2025.7_learning/DVBS2X_256APSK_1/DVBS2X_256APSK_1.srcs/sim_1/new/tb_dvb_s2x_256apsk_decoder.vhd
Note: 时钟频率: 200MHz (周期: 5ns)
Time: 230 ns  Iteration: 0  Process: /tb_dvb_s2x_256apsk_decoder/stim_process  File: E:/2025.7_learning/DVBS2X_256APSK_1/DVBS2X_256APSK_1.srcs/sim_1/new/tb_dvb_s2x_256apsk_decoder.vhd
Note: 测试向量数量: 2
Time: 230 ns  Iteration: 0  Process: /tb_dvb_s2x_256apsk_decoder/stim_process  File: E:/2025.7_learning/DVBS2X_256APSK_1/DVBS2X_256APSK_1.srcs/sim_1/new/tb_dvb_s2x_256apsk_decoder.vhd
Note: ========================================
Time: 230 ns  Iteration: 0  Process: /tb_dvb_s2x_256apsk_decoder/stim_process  File: E:/2025.7_learning/DVBS2X_256APSK_1/DVBS2X_256APSK_1.srcs/sim_1/new/tb_dvb_s2x_256apsk_decoder.vhd
Note: 测试 1: Outer ring 135 deg Note:   输入: I=-34755, Q=34755, 期望环=2
Time: 305 ns  Iteration: 0  Process: /tb_dvb_s2x_256apsk_decoder/stim_process  File: E:/2025.7_learning/DVBS2X_256APSK_1/DVBS2X_256APSK_1.srcs/sim_1/new/tb_dvb_s2x_256apsk_decoder.vhd
Note: 测试 2: Boundary test 3    Note:   输入: I=60000, Q=0, 期望环=2
Time: 325 ns  Iteration: 0  Process: /tb_dvb_s2x_256apsk_decoder/stim_process  File: E:/2025.7_learning/DVBS2X_256APSK_1/DVBS2X_256APSK_1.srcs/sim_1/new/tb_dvb_s2x_256apsk_decoder.vhd
Note: ========================================
Time: 345 ns  Iteration: 0  Process: /tb_dvb_s2x_256apsk_decoder/stim_process  File: E:/2025.7_learning/DVBS2X_256APSK_1/DVBS2X_256APSK_1.srcs/sim_1/new/tb_dvb_s2x_256apsk_decoder.vhd
Note: DVB-S2X 256APSK 硬判决模块仿真开始
Time: 345 ns  Iteration: 0  Process: /tb_dvb_s2x_256apsk_decoder/stim_process  File: E:/2025.7_learning/DVBS2X_256APSK_1/DVBS2X_256APSK_1.srcs/sim_1/new/tb_dvb_s2x_256apsk_decoder.vhd
Note: 时钟频率: 200MHz (周期: 5ns)
Time: 345 ns  Iteration: 0  Process: /tb_dvb_s2x_256apsk_decoder/stim_process  File: E:/2025.7_learning/DVBS2X_256APSK_1/DVBS2X_256APSK_1.srcs/sim_1/new/tb_dvb_s2x_256apsk_decoder.vhd
Note: 测试向量数量: 2
Time: 345 ns  Iteration: 0  Process: /tb_dvb_s2x_256apsk_decoder/stim_process  File: E:/2025.7_learning/DVBS2X_256APSK_1/DVBS2X_256APSK_1.srcs/sim_1/new/tb_dvb_s2x_256apsk_decoder.vhd
Note: ========================================
Time: 345 ns  Iteration: 0  Process: /tb_dvb_s2x_256apsk_decoder/stim_process  File: E:/2025.7_learning/DVBS2X_256APSK_1/DVBS2X_256APSK_1.srcs/sim_1/new/tb_dvb_s2x_256apsk_decoder.vhd
Note: 测试 1: Outer ring 135 deg Note:   输入: I=-34755, Q=34755, 期望环=2
Time: 420 ns  Iteration: 0  Process: /tb_dvb_s2x_256apsk_decoder/stim_process  File: E:/2025.7_learning/DVBS2X_256APSK_1/DVBS2X_256APSK_1.srcs/sim_1/new/tb_dvb_s2x_256apsk_decoder.vhd
Note: 测试 2: Boundary test 3    Note:   输入: I=60000, Q=0, 期望环=2
Time: 440 ns  Iteration: 0  Process: /tb_dvb_s2x_256apsk_decoder/stim_process  File: E:/2025.7_learning/DVBS2X_256APSK_1/DVBS2X_256APSK_1.srcs/sim_1/new/tb_dvb_s2x_256apsk_decoder.vhd
Note: ========================================
Time: 460 ns  Iteration: 0  Process: /tb_dvb_s2x_256apsk_decoder/stim_process  File: E:/2025.7_learning/DVBS2X_256APSK_1/DVBS2X_256APSK_1.srcs/sim_1/new/tb_dvb_s2x_256apsk_decoder.vhd
Note: DVB-S2X 256APSK 硬判决模块仿真开始
Time: 460 ns  Iteration: 0  Process: /tb_dvb_s2x_256apsk_decoder/stim_process  File: E:/2025.7_learning/DVBS2X_256APSK_1/DVBS2X_256APSK_1.srcs/sim_1/new/tb_dvb_s2x_256apsk_decoder.vhd
Note: 时钟频率: 200MHz (周期: 5ns)
Time: 460 ns  Iteration: 0  Process: /tb_dvb_s2x_256apsk_decoder/stim_process  File: E:/2025.7_learning/DVBS2X_256APSK_1/DVBS2X_256APSK_1.srcs/sim_1/new/tb_dvb_s2x_256apsk_decoder.vhd
Note: 测试向量数量: 2
Time: 460 ns  Iteration: 0  Process: /tb_dvb_s2x_256apsk_decoder/stim_process  File: E:/2025.7_learning/DVBS2X_256APSK_1/DVBS2X_256APSK_1.srcs/sim_1/new/tb_dvb_s2x_256apsk_decoder.vhd
Note: ========================================
Time: 460 ns  Iteration: 0  Process: /tb_dvb_s2x_256apsk_decoder/stim_process  File: E:/2025.7_learning/DVBS2X_256APSK_1/DVBS2X_256APSK_1.srcs/sim_1/new/tb_dvb_s2x_256apsk_decoder.vhd
Note: 测试 1: Outer ring 135 deg Note:   输入: I=-34755, Q=34755, 期望环=2
Time: 535 ns  Iteration: 0  Process: /tb_dvb_s2x_256apsk_decoder/stim_process  File: E:/2025.7_learning/DVBS2X_256APSK_1/DVBS2X_256APSK_1.srcs/sim_1/new/tb_dvb_s2x_256apsk_decoder.vhd
Note: 测试 2: Boundary test 3    Note:   输入: I=60000, Q=0, 期望环=2
Time: 555 ns  Iteration: 0  Process: /tb_dvb_s2x_256apsk_decoder/stim_process  File: E:/2025.7_learning/DVBS2X_256APSK_1/DVBS2X_256APSK_1.srcs/sim_1/new/tb_dvb_s2x_256apsk_decoder.vhd
Note: ========================================
Time: 575 ns  Iteration: 0  Process: /tb_dvb_s2x_256apsk_decoder/stim_process  File: E:/2025.7_learning/DVBS2X_256APSK_1/DVBS2X_256APSK_1.srcs/sim_1/new/tb_dvb_s2x_256apsk_decoder.vhd
Note: DVB-S2X 256APSK 硬判决模块仿真开始
Time: 575 ns  Iteration: 0  Process: /tb_dvb_s2x_256apsk_decoder/stim_process  File: E:/2025.7_learning/DVBS2X_256APSK_1/DVBS2X_256APSK_1.srcs/sim_1/new/tb_dvb_s2x_256apsk_decoder.vhd
Note: 时钟频率: 200MHz (周期: 5ns)
Time: 575 ns  Iteration: 0  Process: /tb_dvb_s2x_256apsk_decoder/stim_process  File: E:/2025.7_learning/DVBS2X_256APSK_1/DVBS2X_256APSK_1.srcs/sim_1/new/tb_dvb_s2x_256apsk_decoder.vhd
Note: 测试向量数量: 2
Time: 575 ns  Iteration: 0  Process: /tb_dvb_s2x_256apsk_decoder/stim_process  File: E:/2025.7_learning/DVBS2X_256APSK_1/DVBS2X_256APSK_1.srcs/sim_1/new/tb_dvb_s2x_256apsk_decoder.vhd
Note: ========================================
Time: 575 ns  Iteration: 0  Process: /tb_dvb_s2x_256apsk_decoder/stim_process  File: E:/2025.7_learning/DVBS2X_256APSK_1/DVBS2X_256APSK_1.srcs/sim_1/new/tb_dvb_s2x_256apsk_decoder.vhd
Note: 测试 1: Outer ring 135 deg Note:   输入: I=-34755, Q=34755, 期望环=2
Time: 650 ns  Iteration: 0  Process: /tb_dvb_s2x_256apsk_decoder/stim_process  File: E:/2025.7_learning/DVBS2X_256APSK_1/DVBS2X_256APSK_1.srcs/sim_1/new/tb_dvb_s2x_256apsk_decoder.vhd
Note: 测试 2: Boundary test 3    Note:   输入: I=60000, Q=0, 期望环=2
Time: 670 ns  Iteration: 0  Process: /tb_dvb_s2x_256apsk_decoder/stim_process  File: E:/2025.7_learning/DVBS2X_256APSK_1/DVBS2X_256APSK_1.srcs/sim_1/new/tb_dvb_s2x_256apsk_decoder.vhd
Note: ========================================
Time: 690 ns  Iteration: 0  Process: /tb_dvb_s2x_256apsk_decoder/stim_process  File: E:/2025.7_learning/DVBS2X_256APSK_1/DVBS2X_256APSK_1.srcs/sim_1/new/tb_dvb_s2x_256apsk_decoder.vhd
Note: DVB-S2X 256APSK 硬判决模块仿真开始
Time: 690 ns  Iteration: 0  Process: /tb_dvb_s2x_256apsk_decoder/stim_process  File: E:/2025.7_learning/DVBS2X_256APSK_1/DVBS2X_256APSK_1.srcs/sim_1/new/tb_dvb_s2x_256apsk_decoder.vhd
Note: 时钟频率: 200MHz (周期: 5ns)
Time: 690 ns  Iteration: 0  Process: /tb_dvb_s2x_256apsk_decoder/stim_process  File: E:/2025.7_learning/DVBS2X_256APSK_1/DVBS2X_256APSK_1.srcs/sim_1/new/tb_dvb_s2x_256apsk_decoder.vhd
Note: 测试向量数量: 2
Time: 690 ns  Iteration: 0  Process: /tb_dvb_s2x_256apsk_decoder/stim_process  File: E:/2025.7_learning/DVBS2X_256APSK_1/DVBS2X_256APSK_1.srcs/sim_1/new/tb_dvb_s2x_256apsk_decoder.vhd
Note: ========================================
Time: 690 ns  Iteration: 0  Process: /tb_dvb_s2x_256apsk_decoder/stim_process  File: E:/2025.7_learning/DVBS2X_256APSK_1/DVBS2X_256APSK_1.srcs/sim_1/new/tb_dvb_s2x_256apsk_decoder.vhd
Note: 测试 1: Outer ring 135 deg Note:   输入: I=-34755, Q=34755, 期望环=2
Time: 765 ns  Iteration: 0  Process: /tb_dvb_s2x_256apsk_decoder/stim_process  File: E:/2025.7_learning/DVBS2X_256APSK_1/DVBS2X_256APSK_1.srcs/sim_1/new/tb_dvb_s2x_256apsk_decoder.vhd
Note: 测试 2: Boundary test 3    Note:   输入: I=60000, Q=0, 期望环=2
Time: 785 ns  Iteration: 0  Process: /tb_dvb_s2x_256apsk_decoder/stim_process  File: E:/2025.7_learning/DVBS2X_256APSK_1/DVBS2X_256APSK_1.srcs/sim_1/new/tb_dvb_s2x_256apsk_decoder.vhd
Note: ========================================
Time: 805 ns  Iteration: 0  Process: /tb_dvb_s2x_256apsk_decoder/stim_process  File: E:/2025.7_learning/DVBS2X_256APSK_1/DVBS2X_256APSK_1.srcs/sim_1/new/tb_dvb_s2x_256apsk_decoder.vhd
Note: DVB-S2X 256APSK 硬判决模块仿真开始
Time: 805 ns  Iteration: 0  Process: /tb_dvb_s2x_256apsk_decoder/stim_process  File: E:/2025.7_learning/DVBS2X_256APSK_1/DVBS2X_256APSK_1.srcs/sim_1/new/tb_dvb_s2x_256apsk_decoder.vhd
Note: 时钟频率: 200MHz (周期: 5ns)
Time: 805 ns  Iteration: 0  Process: /tb_dvb_s2x_256apsk_decoder/stim_process  File: E:/2025.7_learning/DVBS2X_256APSK_1/DVBS2X_256APSK_1.srcs/sim_1/new/tb_dvb_s2x_256apsk_decoder.vhd
Note: 测试向量数量: 2
Time: 805 ns  Iteration: 0  Process: /tb_dvb_s2x_256apsk_decoder/stim_process  File: E:/2025.7_learning/DVBS2X_256APSK_1/DVBS2X_256APSK_1.srcs/sim_1/new/tb_dvb_s2x_256apsk_decoder.